Exception at PC 0x000007FEFD9BA06D
Exception at PC 0x000007FEFD9BA06D
Exception at PC 0x000007FEFD9BA06D
Exception at PC 0x000007FEFD9BA06D
Exception at PC 0x000007FE9BEBE132
Attemped to write at address 0x000007FED20C4AA4
Printing stacktrace...

[0]  [0x000007FE9BEBE132]
[1]  [0x000007FE9BEBE132]
[2]  [0x000007FE9BEBE194]
[3]  [0x000007FE9BB0D0D7]
[4]  [0x000007FE9B9F2BCA]
[5]  [0x000007FE9B9F2FD1]
[6]  [0x000007FE9BEBEB2F]
[7]  [0x000007FE9BD7C19D]
[8]  [0x000007FE9BD75942]
[9]  [0x000007FE9BD75AB5]
[10] (LdrShutdownProcess+0x1d1) [0x0000000077CB2AC1]
[11] (RtlExitUserProcess+0x90) [0x0000000077CB28D0]
[12] (wcstoui64+0x2fa) [0x000007FEFE5799E2]
[13]  [0x00000000004014CD]
[14]  [0x000000000040151B]
[15] (BaseThreadInitThunk+0xd) [0x0000000077A859CD]
[16] (RtlUserThreadStart+0x21) [0x0000000077CBA561]
Done
