Copyright 1986-2017 Xilinx, Inc. All Rights Reserved.
------------------------------------------------------------------------------------
| Tool Version : Vivado v.2017.4 (win64) Build 2086221 Fri Dec 15 20:55:39 MST 2017
| Date         : Sat Feb  3 14:07:45 2018
| Host         : Del_Alienware running 64-bit Service Pack 1  (build 7601)
| Command      : upgrade_ip
| Device       : xc7z020clg484-1
------------------------------------------------------------------------------------

Upgrade Log for IP 'EQ_27_band_eq_core_0_0'

1. Summary
----------

SUCCESS in the upgrade of EQ_27_band_eq_core_0_0 (xilinx.com:user:eq_core:1.0) from (Rev. 55) to (Rev. 56)






Copyright 1986-2017 Xilinx, Inc. All Rights Reserved.
------------------------------------------------------------------------------------
| Tool Version : Vivado v.2017.4 (win64) Build 2086221 Fri Dec 15 20:55:39 MST 2017
| Date         : Sat Feb  3 13:52:21 2018
| Host         : Del_Alienware running 64-bit Service Pack 1  (build 7601)
| Command      : upgrade_ip
| Device       : xc7z020clg484-1
------------------------------------------------------------------------------------

Upgrade Log for IP 'EQ_27_band_eq_core_0_0'

1. Summary
----------

SUCCESS in the upgrade of EQ_27_band_eq_core_0_0 (xilinx.com:user:eq_core:1.0) from (Rev. 54) to (Rev. 55)






Copyright 1986-2017 Xilinx, Inc. All Rights Reserved.
------------------------------------------------------------------------------------
| Tool Version : Vivado v.2017.4 (win64) Build 2086221 Fri Dec 15 20:55:39 MST 2017
| Date         : Sat Feb  3 13:47:37 2018
| Host         : Del_Alienware running 64-bit Service Pack 1  (build 7601)
| Command      : upgrade_ip
| Device       : xc7z020clg484-1
------------------------------------------------------------------------------------

Upgrade Log for IP 'EQ_27_band_eq_core_0_0'

1. Summary
----------

SUCCESS in the upgrade of EQ_27_band_eq_core_0_0 (xilinx.com:user:eq_core:1.0) from (Rev. 53) to (Rev. 54)






Copyright 1986-2017 Xilinx, Inc. All Rights Reserved.
------------------------------------------------------------------------------------
| Tool Version : Vivado v.2017.4 (win64) Build 2086221 Fri Dec 15 20:55:39 MST 2017
| Date         : Sat Feb  3 13:30:40 2018
| Host         : Del_Alienware running 64-bit Service Pack 1  (build 7601)
| Command      : upgrade_ip
| Device       : xc7z020clg484-1
------------------------------------------------------------------------------------

Upgrade Log for IP 'EQ_27_band_eq_core_0_0'

1. Summary
----------

SUCCESS in the upgrade of EQ_27_band_eq_core_0_0 (xilinx.com:user:eq_core:1.0) from (Rev. 52) to (Rev. 53)






Copyright 1986-2017 Xilinx, Inc. All Rights Reserved.
------------------------------------------------------------------------------------
| Tool Version : Vivado v.2017.4 (win64) Build 2086221 Fri Dec 15 20:55:39 MST 2017
| Date         : Sat Feb  3 13:08:42 2018
| Host         : Del_Alienware running 64-bit Service Pack 1  (build 7601)
| Command      : upgrade_ip
| Device       : xc7z020clg484-1
------------------------------------------------------------------------------------

Upgrade Log for IP 'EQ_27_band_eq_core_0_0'

1. Summary
----------

CAUTION (success, with warnings) in the upgrade of EQ_27_band_eq_core_0_0 (xilinx.com:user:eq_core:1.0) from (Rev. 51) to (Rev. 52)

After upgrade, an IP may have parameter and port differences compared to the original customization. Please review the parameters within the IP customization GUI to ensure proper functionality. Also, please review the updated IP instantiation template to ensure proper connectivity, and update your design if required.

2. Connection Warnings
----------------------

Detected external port differences while upgrading 'EQ_27_band_eq_core_0_0'. These changes may impact your design.


-Upgrade has removed port 'iir_clk'







Copyright 1986-2017 Xilinx, Inc. All Rights Reserved.
------------------------------------------------------------------------------------
| Tool Version : Vivado v.2017.4 (win64) Build 2086221 Fri Dec 15 20:55:39 MST 2017
| Date         : Sat Feb  3 13:01:20 2018
| Host         : Del_Alienware running 64-bit Service Pack 1  (build 7601)
| Command      : upgrade_ip
| Device       : xc7z020clg484-1
------------------------------------------------------------------------------------

Upgrade Log for IP 'EQ_27_band_eq_core_0_0'

1. Summary
----------

SUCCESS in the upgrade of EQ_27_band_eq_core_0_0 (xilinx.com:user:eq_core:1.0) from (Rev. 50) to (Rev. 51)






Copyright 1986-2017 Xilinx, Inc. All Rights Reserved.
------------------------------------------------------------------------------------
| Tool Version : Vivado v.2017.4 (win64) Build 2086221 Fri Dec 15 20:55:39 MST 2017
| Date         : Sat Feb  3 12:49:05 2018
| Host         : Del_Alienware running 64-bit Service Pack 1  (build 7601)
| Command      : upgrade_ip
| Device       : xc7z020clg484-1
------------------------------------------------------------------------------------

Upgrade Log for IP 'EQ_27_band_eq_core_0_0'

1. Summary
----------

SUCCESS in the upgrade of EQ_27_band_eq_core_0_0 (xilinx.com:user:eq_core:1.0) from (Rev. 49) to (Rev. 50)






Copyright 1986-2017 Xilinx, Inc. All Rights Reserved.
------------------------------------------------------------------------------------
| Tool Version : Vivado v.2017.4 (win64) Build 2086221 Fri Dec 15 20:55:39 MST 2017
| Date         : Sat Feb  3 12:29:46 2018
| Host         : Del_Alienware running 64-bit Service Pack 1  (build 7601)
| Command      : upgrade_ip
| Device       : xc7z020clg484-1
------------------------------------------------------------------------------------

Upgrade Log for IP 'EQ_27_band_eq_core_0_0'

1. Summary
----------

SUCCESS in the upgrade of EQ_27_band_eq_core_0_0 (xilinx.com:user:eq_core:1.0) from (Rev. 48) to (Rev. 49)






Copyright 1986-2017 Xilinx, Inc. All Rights Reserved.
------------------------------------------------------------------------------------
| Tool Version : Vivado v.2017.4 (win64) Build 2086221 Fri Dec 15 20:55:39 MST 2017
| Date         : Sat Feb  3 11:05:43 2018
| Host         : Del_Alienware running 64-bit Service Pack 1  (build 7601)
| Command      : upgrade_ip
| Device       : xc7z020clg484-1
------------------------------------------------------------------------------------

Upgrade Log for IP 'EQ_27_band_eq_core_0_0'

1. Summary
----------

SUCCESS in the upgrade of EQ_27_band_eq_core_0_0 (xilinx.com:user:eq_core:1.0) from (Rev. 47) to (Rev. 48)






Copyright 1986-2017 Xilinx, Inc. All Rights Reserved.
------------------------------------------------------------------------------------
| Tool Version : Vivado v.2017.4 (win64) Build 2086221 Fri Dec 15 20:55:39 MST 2017
| Date         : Mon Jan 29 20:39:39 2018
| Host         : Del_Alienware running 64-bit Service Pack 1  (build 7601)
| Command      : upgrade_ip
| Device       : xc7z020clg484-1
------------------------------------------------------------------------------------

Upgrade Log for IP 'EQ_27_band_eq_core_0_0'

1. Summary
----------

SUCCESS in the upgrade of EQ_27_band_eq_core_0_0 (xilinx.com:user:eq_core:1.0) from (Rev. 46) to (Rev. 47)






Copyright 1986-2017 Xilinx, Inc. All Rights Reserved.
------------------------------------------------------------------------------------
| Tool Version : Vivado v.2017.4 (win64) Build 2086221 Fri Dec 15 20:55:39 MST 2017
| Date         : Mon Jan 29 20:22:32 2018
| Host         : Del_Alienware running 64-bit Service Pack 1  (build 7601)
| Command      : upgrade_ip
| Device       : xc7z020clg484-1
------------------------------------------------------------------------------------

Upgrade Log for IP 'EQ_27_band_eq_core_0_0'

1. Summary
----------

SUCCESS in the upgrade of EQ_27_band_eq_core_0_0 (xilinx.com:user:eq_core:1.0) from (Rev. 45) to (Rev. 46)






Copyright 1986-2017 Xilinx, Inc. All Rights Reserved.
------------------------------------------------------------------------------------
| Tool Version : Vivado v.2017.4 (win64) Build 2086221 Fri Dec 15 20:55:39 MST 2017
| Date         : Mon Jan 29 20:08:28 2018
| Host         : Del_Alienware running 64-bit Service Pack 1  (build 7601)
| Command      : upgrade_ip
| Device       : xc7z020clg484-1
------------------------------------------------------------------------------------

Upgrade Log for IP 'EQ_27_band_eq_core_0_0'

1. Summary
----------

SUCCESS in the upgrade of EQ_27_band_eq_core_0_0 (xilinx.com:user:eq_core:1.0) from (Rev. 44) to (Rev. 45)






Copyright 1986-2017 Xilinx, Inc. All Rights Reserved.
------------------------------------------------------------------------------------
| Tool Version : Vivado v.2017.4 (win64) Build 2086221 Fri Dec 15 20:55:39 MST 2017
| Date         : Mon Jan 29 19:49:18 2018
| Host         : Del_Alienware running 64-bit Service Pack 1  (build 7601)
| Command      : upgrade_ip
| Device       : xc7z020clg484-1
------------------------------------------------------------------------------------

Upgrade Log for IP 'EQ_27_band_eq_core_0_0'

1. Summary
----------

SUCCESS in the upgrade of EQ_27_band_eq_core_0_0 (xilinx.com:user:eq_core:1.0) from (Rev. 43) to (Rev. 44)






Copyright 1986-2017 Xilinx, Inc. All Rights Reserved.
------------------------------------------------------------------------------------
| Tool Version : Vivado v.2017.4 (win64) Build 2086221 Fri Dec 15 20:55:39 MST 2017
| Date         : Mon Jan 29 17:35:23 2018
| Host         : Del_Alienware running 64-bit Service Pack 1  (build 7601)
| Command      : upgrade_ip
| Device       : xc7z020clg484-1
------------------------------------------------------------------------------------

Upgrade Log for IP 'EQ_27_band_eq_core_0_0'

1. Summary
----------

CAUTION (success, with warnings) in the upgrade of EQ_27_band_eq_core_0_0 (xilinx.com:user:eq_core:1.0) from (Rev. 41) to (Rev. 43)

After upgrade, an IP may have parameter and port differences compared to the original customization. Please review the parameters within the IP customization GUI to ensure proper functionality. Also, please review the updated IP instantiation template to ensure proper connectivity, and update your design if required.

2. Connection Warnings
----------------------

Detected external port differences while upgrading 'EQ_27_band_eq_core_0_0'. These changes may impact your design.


-Upgrade has added port 'iir_clk'







Copyright 1986-2017 Xilinx, Inc. All Rights Reserved.
------------------------------------------------------------------------------------
| Tool Version : Vivado v.2017.4 (win64) Build 2086221 Fri Dec 15 20:55:39 MST 2017
| Date         : Mon Jan 29 16:32:12 2018
| Host         : Del_Alienware running 64-bit Service Pack 1  (build 7601)
| Command      : upgrade_ip
| Device       : xc7z020clg484-1
------------------------------------------------------------------------------------

Upgrade Log for IP 'EQ_27_band_eq_core_0_0'

1. Summary
----------

CAUTION (success, with warnings) in the upgrade of EQ_27_band_eq_core_0_0 (xilinx.com:user:eq_core:1.0) from (Rev. 40) to (Rev. 41)

After upgrade, an IP may have parameter and port differences compared to the original customization. Please review the parameters within the IP customization GUI to ensure proper functionality. Also, please review the updated IP instantiation template to ensure proper connectivity, and update your design if required.

2. Connection Warnings
----------------------

Detected external port differences while upgrading 'EQ_27_band_eq_core_0_0'. These changes may impact your design.


-Upgrade has removed port 'iir_clk'







Copyright 1986-2017 Xilinx, Inc. All Rights Reserved.
------------------------------------------------------------------------------------
| Tool Version : Vivado v.2017.4 (win64) Build 2086221 Fri Dec 15 20:55:39 MST 2017
| Date         : Mon Jan 29 16:07:02 2018
| Host         : Del_Alienware running 64-bit Service Pack 1  (build 7601)
| Command      : upgrade_ip
| Device       : xc7z020clg484-1
------------------------------------------------------------------------------------

Upgrade Log for IP 'EQ_27_band_eq_core_0_0'

1. Summary
----------

SUCCESS in the upgrade of EQ_27_band_eq_core_0_0 (xilinx.com:user:eq_core:1.0) from (Rev. 39) to (Rev. 40)






Copyright 1986-2017 Xilinx, Inc. All Rights Reserved.
------------------------------------------------------------------------------------
| Tool Version : Vivado v.2017.4 (win64) Build 2086221 Fri Dec 15 20:55:39 MST 2017
| Date         : Mon Jan 29 16:00:03 2018
| Host         : Del_Alienware running 64-bit Service Pack 1  (build 7601)
| Command      : upgrade_ip
| Device       : xc7z020clg484-1
------------------------------------------------------------------------------------

Upgrade Log for IP 'EQ_27_band_eq_core_0_0'

1. Summary
----------

CAUTION (success, with warnings) in the upgrade of EQ_27_band_eq_core_0_0 (xilinx.com:user:eq_core:1.0) from (Rev. 36) to (Rev. 39)

After upgrade, an IP may have parameter and port differences compared to the original customization. Please review the parameters within the IP customization GUI to ensure proper functionality. Also, please review the updated IP instantiation template to ensure proper connectivity, and update your design if required.

2. Connection Warnings
----------------------

Detected external port differences while upgrading 'EQ_27_band_eq_core_0_0'. These changes may impact your design.


-Upgrade has added port 'iir_clk'







Copyright 1986-2017 Xilinx, Inc. All Rights Reserved.
------------------------------------------------------------------------------------
| Tool Version : Vivado v.2017.4 (win64) Build 2086221 Fri Dec 15 20:55:39 MST 2017
| Date         : Mon Jan 29 15:02:06 2018
| Host         : Del_Alienware running 64-bit Service Pack 1  (build 7601)
| Command      : upgrade_ip
| Device       : xc7z020clg484-1
------------------------------------------------------------------------------------

Upgrade Log for IP 'EQ_27_band_eq_core_0_0'

1. Summary
----------

SUCCESS in the upgrade of EQ_27_band_eq_core_0_0 (xilinx.com:user:eq_core:1.0) from (Rev. 35) to (Rev. 36)






Copyright 1986-2017 Xilinx, Inc. All Rights Reserved.
------------------------------------------------------------------------------------
| Tool Version : Vivado v.2017.4 (win64) Build 2086221 Fri Dec 15 20:55:39 MST 2017
| Date         : Mon Jan 29 12:03:48 2018
| Host         : Del_Alienware running 64-bit Service Pack 1  (build 7601)
| Command      : upgrade_ip
| Device       : xc7z020clg484-1
------------------------------------------------------------------------------------

Upgrade Log for IP 'EQ_27_band_eq_core_0_0'

1. Summary
----------

SUCCESS in the upgrade of EQ_27_band_eq_core_0_0 (xilinx.com:user:eq_core:1.0) from (Rev. 34) to (Rev. 35)






Copyright 1986-2017 Xilinx, Inc. All Rights Reserved.
------------------------------------------------------------------------------------
| Tool Version : Vivado v.2017.4 (win64) Build 2086221 Fri Dec 15 20:55:39 MST 2017
| Date         : Sun Jan 28 18:39:06 2018
| Host         : Del_Alienware running 64-bit Service Pack 1  (build 7601)
| Command      : upgrade_ip
| Device       : xc7z020clg484-1
------------------------------------------------------------------------------------

Upgrade Log for IP 'EQ_27_band_eq_core_0_0'

1. Summary
----------

SUCCESS in the upgrade of EQ_27_band_eq_core_0_0 (xilinx.com:user:eq_core:1.0) from (Rev. 33) to (Rev. 34)






Copyright 1986-2017 Xilinx, Inc. All Rights Reserved.
------------------------------------------------------------------------------------
| Tool Version : Vivado v.2017.4 (win64) Build 2086221 Fri Dec 15 20:55:39 MST 2017
| Date         : Sun Jan 28 16:24:34 2018
| Host         : Del_Alienware running 64-bit Service Pack 1  (build 7601)
| Command      : upgrade_ip
| Device       : xc7z020clg484-1
------------------------------------------------------------------------------------

Upgrade Log for IP 'EQ_27_band_eq_core_0_0'

1. Summary
----------

SUCCESS in the upgrade of EQ_27_band_eq_core_0_0 (xilinx.com:user:eq_core:1.0) from (Rev. 32) to (Rev. 33)






Copyright 1986-2017 Xilinx, Inc. All Rights Reserved.
------------------------------------------------------------------------------------
| Tool Version : Vivado v.2017.4 (win64) Build 2086221 Fri Dec 15 20:55:39 MST 2017
| Date         : Sun Jan 28 16:10:45 2018
| Host         : Del_Alienware running 64-bit Service Pack 1  (build 7601)
| Command      : upgrade_ip
| Device       : xc7z020clg484-1
------------------------------------------------------------------------------------

Upgrade Log for IP 'EQ_27_band_eq_core_0_0'

1. Summary
----------

SUCCESS in the upgrade of EQ_27_band_eq_core_0_0 (xilinx.com:user:eq_core:1.0) from (Rev. 31) to (Rev. 32)






Copyright 1986-2017 Xilinx, Inc. All Rights Reserved.
------------------------------------------------------------------------------------
| Tool Version : Vivado v.2017.4 (win64) Build 2086221 Fri Dec 15 20:55:39 MST 2017
| Date         : Sun Jan 28 15:43:25 2018
| Host         : Del_Alienware running 64-bit Service Pack 1  (build 7601)
| Command      : upgrade_ip
| Device       : xc7z020clg484-1
------------------------------------------------------------------------------------

Upgrade Log for IP 'EQ_27_band_eq_core_0_0'

1. Summary
----------

SUCCESS in the upgrade of EQ_27_band_eq_core_0_0 (xilinx.com:user:eq_core:1.0) from (Rev. 30) to (Rev. 31)






Copyright 1986-2017 Xilinx, Inc. All Rights Reserved.
------------------------------------------------------------------------------------
| Tool Version : Vivado v.2017.4 (win64) Build 2086221 Fri Dec 15 20:55:39 MST 2017
| Date         : Sun Jan 28 14:50:35 2018
| Host         : Del_Alienware running 64-bit Service Pack 1  (build 7601)
| Command      : upgrade_ip
| Device       : xc7z020clg484-1
------------------------------------------------------------------------------------

Upgrade Log for IP 'EQ_27_band_eq_core_0_0'

1. Summary
----------

SUCCESS in the upgrade of EQ_27_band_eq_core_0_0 (xilinx.com:user:eq_core:1.0) from (Rev. 29) to (Rev. 30)






Copyright 1986-2017 Xilinx, Inc. All Rights Reserved.
------------------------------------------------------------------------------------
| Tool Version : Vivado v.2017.4 (win64) Build 2086221 Fri Dec 15 20:55:39 MST 2017
| Date         : Sun Jan 28 14:39:33 2018
| Host         : Del_Alienware running 64-bit Service Pack 1  (build 7601)
| Command      : upgrade_ip
| Device       : xc7z020clg484-1
------------------------------------------------------------------------------------

Upgrade Log for IP 'EQ_27_band_eq_core_0_0'

1. Summary
----------

SUCCESS in the upgrade of EQ_27_band_eq_core_0_0 (xilinx.com:user:eq_core:1.0) from (Rev. 28) to (Rev. 29)






Copyright 1986-2017 Xilinx, Inc. All Rights Reserved.
------------------------------------------------------------------------------------
| Tool Version : Vivado v.2017.4 (win64) Build 2086221 Fri Dec 15 20:55:39 MST 2017
| Date         : Sat Jan 27 18:07:32 2018
| Host         : Del_Alienware running 64-bit Service Pack 1  (build 7601)
| Command      : upgrade_ip
| Device       : xc7z020clg484-1
------------------------------------------------------------------------------------

Upgrade Log for IP 'EQ_27_band_eq_core_0_0'

1. Summary
----------

SUCCESS in the upgrade of EQ_27_band_eq_core_0_0 (xilinx.com:user:eq_core:1.0) from (Rev. 27) to (Rev. 28)






Copyright 1986-2017 Xilinx, Inc. All Rights Reserved.
------------------------------------------------------------------------------------
| Tool Version : Vivado v.2017.4 (win64) Build 2086221 Fri Dec 15 20:55:39 MST 2017
| Date         : Sat Jan 27 17:54:59 2018
| Host         : Del_Alienware running 64-bit Service Pack 1  (build 7601)
| Command      : upgrade_ip
| Device       : xc7z020clg484-1
------------------------------------------------------------------------------------

Upgrade Log for IP 'EQ_27_band_eq_core_0_0'

1. Summary
----------

SUCCESS in the upgrade of EQ_27_band_eq_core_0_0 (xilinx.com:user:eq_core:1.0) from (Rev. 26) to (Rev. 27)






Copyright 1986-2017 Xilinx, Inc. All Rights Reserved.
------------------------------------------------------------------------------------
| Tool Version : Vivado v.2017.4 (win64) Build 2086221 Fri Dec 15 20:55:39 MST 2017
| Date         : Sat Jan 27 15:45:24 2018
| Host         : Del_Alienware running 64-bit Service Pack 1  (build 7601)
| Command      : upgrade_ip
| Device       : xc7z020clg484-1
------------------------------------------------------------------------------------

Upgrade Log for IP 'EQ_27_band_eq_core_0_0'

1. Summary
----------

SUCCESS in the upgrade of EQ_27_band_eq_core_0_0 (xilinx.com:user:eq_core:1.0) from (Rev. 25) to (Rev. 26)






Copyright 1986-2017 Xilinx, Inc. All Rights Reserved.
------------------------------------------------------------------------------------
| Tool Version : Vivado v.2017.4 (win64) Build 2086221 Fri Dec 15 20:55:39 MST 2017
| Date         : Sat Jan 27 14:32:35 2018
| Host         : Del_Alienware running 64-bit Service Pack 1  (build 7601)
| Command      : upgrade_ip
| Device       : xc7z020clg484-1
------------------------------------------------------------------------------------

Upgrade Log for IP 'EQ_27_band_eq_core_0_0'

1. Summary
----------

SUCCESS in the upgrade of EQ_27_band_eq_core_0_0 (xilinx.com:user:eq_core:1.0) from (Rev. 24) to (Rev. 25)






Copyright 1986-2017 Xilinx, Inc. All Rights Reserved.
------------------------------------------------------------------------------------
| Tool Version : Vivado v.2017.4 (win64) Build 2086221 Fri Dec 15 20:55:39 MST 2017
| Date         : Sat Jan 27 14:22:49 2018
| Host         : Del_Alienware running 64-bit Service Pack 1  (build 7601)
| Command      : upgrade_ip
| Device       : xc7z020clg484-1
------------------------------------------------------------------------------------

Upgrade Log for IP 'EQ_27_band_eq_core_0_0'

1. Summary
----------

SUCCESS in the upgrade of EQ_27_band_eq_core_0_0 (xilinx.com:user:eq_core:1.0) from (Rev. 23) to (Rev. 24)






Copyright 1986-2017 Xilinx, Inc. All Rights Reserved.
------------------------------------------------------------------------------------
| Tool Version : Vivado v.2017.4 (win64) Build 2086221 Fri Dec 15 20:55:39 MST 2017
| Date         : Sat Jan 27 13:51:00 2018
| Host         : Del_Alienware running 64-bit Service Pack 1  (build 7601)
| Command      : upgrade_ip
| Device       : xc7z020clg484-1
------------------------------------------------------------------------------------

Upgrade Log for IP 'EQ_27_band_eq_core_0_0'

1. Summary
----------

SUCCESS in the upgrade of EQ_27_band_eq_core_0_0 (xilinx.com:user:eq_core:1.0) from (Rev. 22) to (Rev. 23)






Copyright 1986-2017 Xilinx, Inc. All Rights Reserved.
------------------------------------------------------------------------------------
| Tool Version : Vivado v.2017.4 (win64) Build 2086221 Fri Dec 15 20:55:39 MST 2017
| Date         : Sat Jan 27 13:25:24 2018
| Host         : Del_Alienware running 64-bit Service Pack 1  (build 7601)
| Command      : upgrade_ip
| Device       : xc7z020clg484-1
------------------------------------------------------------------------------------

Upgrade Log for IP 'EQ_27_band_eq_core_0_0'

1. Summary
----------

SUCCESS in the upgrade of EQ_27_band_eq_core_0_0 (xilinx.com:user:eq_core:1.0) from (Rev. 21) to (Rev. 22)






Copyright 1986-2017 Xilinx, Inc. All Rights Reserved.
------------------------------------------------------------------------------------
| Tool Version : Vivado v.2017.4 (win64) Build 2086221 Fri Dec 15 20:55:39 MST 2017
| Date         : Sat Jan 27 11:44:37 2018
| Host         : Del_Alienware running 64-bit Service Pack 1  (build 7601)
| Command      : upgrade_ip
| Device       : xc7z020clg484-1
------------------------------------------------------------------------------------

Upgrade Log for IP 'EQ_27_band_eq_core_0_0'

1. Summary
----------

SUCCESS in the upgrade of EQ_27_band_eq_core_0_0 (xilinx.com:user:eq_core:1.0) from (Rev. 20) to (Rev. 21)






Copyright 1986-2017 Xilinx, Inc. All Rights Reserved.
------------------------------------------------------------------------------------
| Tool Version : Vivado v.2017.4 (win64) Build 2086221 Fri Dec 15 20:55:39 MST 2017
| Date         : Fri Jan 26 14:53:59 2018
| Host         : Del_Alienware running 64-bit Service Pack 1  (build 7601)
| Command      : upgrade_ip
| Device       : xc7z020clg484-1
------------------------------------------------------------------------------------

Upgrade Log for IP 'EQ_27_band_eq_core_0_0'

1. Summary
----------

SUCCESS in the upgrade of EQ_27_band_eq_core_0_0 (xilinx.com:user:eq_core:1.0) from (Rev. 19) to (Rev. 20)






Copyright 1986-2017 Xilinx, Inc. All Rights Reserved.
------------------------------------------------------------------------------------
| Tool Version : Vivado v.2017.4 (win64) Build 2086221 Fri Dec 15 20:55:39 MST 2017
| Date         : Fri Jan 26 13:40:20 2018
| Host         : Del_Alienware running 64-bit Service Pack 1  (build 7601)
| Command      : upgrade_ip
| Device       : xc7z020clg484-1
------------------------------------------------------------------------------------

Upgrade Log for IP 'EQ_27_band_eq_core_0_0'

1. Summary
----------

SUCCESS in the upgrade of EQ_27_band_eq_core_0_0 (xilinx.com:user:eq_core:1.0) from (Rev. 18) to (Rev. 19)






Copyright 1986-2017 Xilinx, Inc. All Rights Reserved.
------------------------------------------------------------------------------------
| Tool Version : Vivado v.2017.4 (win64) Build 2086221 Fri Dec 15 20:55:39 MST 2017
| Date         : Fri Jan 26 13:32:42 2018
| Host         : Del_Alienware running 64-bit Service Pack 1  (build 7601)
| Command      : upgrade_ip
| Device       : xc7z020clg484-1
------------------------------------------------------------------------------------

Upgrade Log for IP 'EQ_27_band_eq_core_0_0'

1. Summary
----------

SUCCESS in the upgrade of EQ_27_band_eq_core_0_0 (xilinx.com:user:eq_core:1.0) from (Rev. 17) to (Rev. 18)






Copyright 1986-2017 Xilinx, Inc. All Rights Reserved.
------------------------------------------------------------------------------------
| Tool Version : Vivado v.2017.4 (win64) Build 2086221 Fri Dec 15 20:55:39 MST 2017
| Date         : Fri Jan 26 13:13:29 2018
| Host         : Del_Alienware running 64-bit Service Pack 1  (build 7601)
| Command      : upgrade_ip
| Device       : xc7z020clg484-1
------------------------------------------------------------------------------------

Upgrade Log for IP 'EQ_27_band_eq_core_0_0'

1. Summary
----------

SUCCESS in the upgrade of EQ_27_band_eq_core_0_0 (xilinx.com:user:eq_core:1.0) from (Rev. 16) to (Rev. 17)






Copyright 1986-2017 Xilinx, Inc. All Rights Reserved.
------------------------------------------------------------------------------------
| Tool Version : Vivado v.2017.4 (win64) Build 2086221 Fri Dec 15 20:55:39 MST 2017
| Date         : Fri Jan 26 12:48:37 2018
| Host         : Del_Alienware running 64-bit Service Pack 1  (build 7601)
| Command      : upgrade_ip
| Device       : xc7z020clg484-1
------------------------------------------------------------------------------------

Upgrade Log for IP 'EQ_27_band_eq_core_0_0'

1. Summary
----------

SUCCESS in the upgrade of EQ_27_band_eq_core_0_0 (xilinx.com:user:eq_core:1.0) from (Rev. 15) to (Rev. 16)






Copyright 1986-2017 Xilinx, Inc. All Rights Reserved.
------------------------------------------------------------------------------------
| Tool Version : Vivado v.2017.4 (win64) Build 2086221 Fri Dec 15 20:55:39 MST 2017
| Date         : Fri Jan 26 12:37:24 2018
| Host         : Del_Alienware running 64-bit Service Pack 1  (build 7601)
| Command      : upgrade_ip
| Device       : xc7z020clg484-1
------------------------------------------------------------------------------------

Upgrade Log for IP 'EQ_27_band_eq_core_0_0'

1. Summary
----------

SUCCESS in the upgrade of EQ_27_band_eq_core_0_0 (xilinx.com:user:eq_core:1.0) from (Rev. 14) to (Rev. 15)






Copyright 1986-2017 Xilinx, Inc. All Rights Reserved.
------------------------------------------------------------------------------------
| Tool Version : Vivado v.2017.4 (win64) Build 2086221 Fri Dec 15 20:55:39 MST 2017
| Date         : Fri Jan 26 12:28:26 2018
| Host         : Del_Alienware running 64-bit Service Pack 1  (build 7601)
| Command      : upgrade_ip
| Device       : xc7z020clg484-1
------------------------------------------------------------------------------------

Upgrade Log for IP 'EQ_27_band_eq_core_0_0'

1. Summary
----------

SUCCESS in the upgrade of EQ_27_band_eq_core_0_0 (xilinx.com:user:eq_core:1.0) from (Rev. 13) to (Rev. 14)






Copyright 1986-2017 Xilinx, Inc. All Rights Reserved.
------------------------------------------------------------------------------------
| Tool Version : Vivado v.2017.4 (win64) Build 2086221 Fri Dec 15 20:55:39 MST 2017
| Date         : Fri Jan 26 12:04:30 2018
| Host         : Del_Alienware running 64-bit Service Pack 1  (build 7601)
| Command      : upgrade_ip
| Device       : xc7z020clg484-1
------------------------------------------------------------------------------------

Upgrade Log for IP 'EQ_27_band_eq_core_0_0'

1. Summary
----------

SUCCESS in the upgrade of EQ_27_band_eq_core_0_0 (xilinx.com:user:eq_core:1.0) from (Rev. 12) to (Rev. 13)






Copyright 1986-2017 Xilinx, Inc. All Rights Reserved.
------------------------------------------------------------------------------------
| Tool Version : Vivado v.2017.4 (win64) Build 2086221 Fri Dec 15 20:55:39 MST 2017
| Date         : Fri Jan 26 10:29:28 2018
| Host         : Del_Alienware running 64-bit Service Pack 1  (build 7601)
| Command      : upgrade_ip
| Device       : xc7z020clg484-1
------------------------------------------------------------------------------------

Upgrade Log for IP 'EQ_27_band_eq_core_0_0'

1. Summary
----------

SUCCESS in the upgrade of EQ_27_band_eq_core_0_0 (xilinx.com:user:eq_core:1.0) from (Rev. 11) to (Rev. 12)






Copyright 1986-2017 Xilinx, Inc. All Rights Reserved.
------------------------------------------------------------------------------------
| Tool Version : Vivado v.2017.4 (win64) Build 2086221 Fri Dec 15 20:55:39 MST 2017
| Date         : Fri Jan 26 09:14:01 2018
| Host         : Del_Alienware running 64-bit Service Pack 1  (build 7601)
| Command      : upgrade_ip
| Device       : xc7z020clg484-1
------------------------------------------------------------------------------------

Upgrade Log for IP 'EQ_27_band_eq_core_0_0'

1. Summary
----------

SUCCESS in the upgrade of EQ_27_band_eq_core_0_0 (xilinx.com:user:eq_core:1.0) from (Rev. 10) to (Rev. 11)






Copyright 1986-2017 Xilinx, Inc. All Rights Reserved.
------------------------------------------------------------------------------------
| Tool Version : Vivado v.2017.4 (win64) Build 2086221 Fri Dec 15 20:55:39 MST 2017
| Date         : Thu Jan 25 18:28:41 2018
| Host         : Del_Alienware running 64-bit Service Pack 1  (build 7601)
| Command      : upgrade_ip
| Device       : xc7z020clg484-1
------------------------------------------------------------------------------------

Upgrade Log for IP 'EQ_27_band_eq_core_0_0'

1. Summary
----------

SUCCESS in the upgrade of EQ_27_band_eq_core_0_0 (xilinx.com:user:eq_core:1.0) from (Rev. 9) to (Rev. 10)






Copyright 1986-2017 Xilinx, Inc. All Rights Reserved.
------------------------------------------------------------------------------------
| Tool Version : Vivado v.2017.4 (win64) Build 2086221 Fri Dec 15 20:55:39 MST 2017
| Date         : Thu Jan 25 17:51:42 2018
| Host         : Del_Alienware running 64-bit Service Pack 1  (build 7601)
| Command      : upgrade_ip
| Device       : xc7z020clg484-1
------------------------------------------------------------------------------------

Upgrade Log for IP 'EQ_27_band_eq_core_0_0'

1. Summary
----------

SUCCESS in the upgrade of EQ_27_band_eq_core_0_0 (xilinx.com:user:eq_core:1.0) from (Rev. 8) to (Rev. 9)






Copyright 1986-2017 Xilinx, Inc. All Rights Reserved.
------------------------------------------------------------------------------------
| Tool Version : Vivado v.2017.4 (win64) Build 2086221 Fri Dec 15 20:55:39 MST 2017
| Date         : Thu Jan 25 11:48:55 2018
| Host         : Del_Alienware running 64-bit Service Pack 1  (build 7601)
| Command      : upgrade_ip
| Device       : xc7z020clg484-1
------------------------------------------------------------------------------------

Upgrade Log for IP 'EQ_27_band_eq_core_0_0'

1. Summary
----------

SUCCESS in the upgrade of EQ_27_band_eq_core_0_0 (xilinx.com:user:eq_core:1.0) from (Rev. 7) to (Rev. 8)






Copyright 1986-2017 Xilinx, Inc. All Rights Reserved.
------------------------------------------------------------------------------------
| Tool Version : Vivado v.2017.4 (win64) Build 2086221 Fri Dec 15 20:55:39 MST 2017
| Date         : Thu Jan 25 11:27:35 2018
| Host         : Del_Alienware running 64-bit Service Pack 1  (build 7601)
| Command      : upgrade_ip
| Device       : xc7z020clg484-1
------------------------------------------------------------------------------------

Upgrade Log for IP 'EQ_27_band_eq_core_0_0'

1. Summary
----------

SUCCESS in the upgrade of EQ_27_band_eq_core_0_0 (xilinx.com:user:eq_core:1.0) from (Rev. 6) to (Rev. 7)






Copyright 1986-2017 Xilinx, Inc. All Rights Reserved.
------------------------------------------------------------------------------------
| Tool Version : Vivado v.2017.4 (win64) Build 2086221 Fri Dec 15 20:55:39 MST 2017
| Date         : Thu Jan 25 11:09:00 2018
| Host         : Del_Alienware running 64-bit Service Pack 1  (build 7601)
| Command      : upgrade_ip
| Device       : xc7z020clg484-1
------------------------------------------------------------------------------------

Upgrade Log for IP 'EQ_27_band_axi_i2s_receiver_0_0'

1. Summary
----------

SUCCESS in the upgrade of EQ_27_band_axi_i2s_receiver_0_0 (xilinx.com:user:axi_i2s_receiver:1.0) from (Rev. 8) to (Rev. 9)






Copyright 1986-2017 Xilinx, Inc. All Rights Reserved.
------------------------------------------------------------------------------------
| Tool Version : Vivado v.2017.4 (win64) Build 2086221 Fri Dec 15 20:55:39 MST 2017
| Date         : Thu Jan 25 10:55:42 2018
| Host         : Del_Alienware running 64-bit Service Pack 1  (build 7601)
| Command      : upgrade_ip
| Device       : xc7z020clg484-1
------------------------------------------------------------------------------------

Upgrade Log for IP 'EQ_27_band_eq_core_0_0'

1. Summary
----------

SUCCESS in the upgrade of EQ_27_band_eq_core_0_0 (xilinx.com:user:eq_core:1.0) from (Rev. 5) to (Rev. 6)






Copyright 1986-2017 Xilinx, Inc. All Rights Reserved.
------------------------------------------------------------------------------------
| Tool Version : Vivado v.2017.4 (win64) Build 2086221 Fri Dec 15 20:55:39 MST 2017
| Date         : Thu Jan 25 10:47:33 2018
| Host         : Del_Alienware running 64-bit Service Pack 1  (build 7601)
| Command      : upgrade_ip
| Device       : xc7z020clg484-1
------------------------------------------------------------------------------------

Upgrade Log for IP 'EQ_27_band_eq_core_0_0'

1. Summary
----------

SUCCESS in the upgrade of EQ_27_band_eq_core_0_0 (xilinx.com:user:eq_core:1.0) from (Rev. 4) to (Rev. 5)






Copyright 1986-2017 Xilinx, Inc. All Rights Reserved.
------------------------------------------------------------------------------------
| Tool Version : Vivado v.2017.4 (win64) Build 2086221 Fri Dec 15 20:55:39 MST 2017
| Date         : Thu Jan 25 10:42:26 2018
| Host         : Del_Alienware running 64-bit Service Pack 1  (build 7601)
| Command      : upgrade_ip
| Device       : xc7z020clg484-1
------------------------------------------------------------------------------------

Upgrade Log for IP 'EQ_27_band_eq_core_0_0'

1. Summary
----------

SUCCESS in the upgrade of EQ_27_band_eq_core_0_0 (xilinx.com:user:eq_core:1.0) from (Rev. 3) to (Rev. 4)






Copyright 1986-2017 Xilinx, Inc. All Rights Reserved.
------------------------------------------------------------------------------------
| Tool Version : Vivado v.2017.4 (win64) Build 2086221 Fri Dec 15 20:55:39 MST 2017
| Date         : Thu Jan 25 10:37:02 2018
| Host         : Del_Alienware running 64-bit Service Pack 1  (build 7601)
| Command      : upgrade_ip
| Device       : xc7z020clg484-1
------------------------------------------------------------------------------------

Upgrade Log for IP 'EQ_27_band_eq_core_0_0'

1. Summary
----------

CAUTION (success, with warnings) in the upgrade of EQ_27_band_eq_core_0_0 (xilinx.com:user:eq_core:1.0) from (Rev. 2) to (Rev. 3)

After upgrade, an IP may have parameter and port differences compared to the original customization. Please review the parameters within the IP customization GUI to ensure proper functionality. Also, please review the updated IP instantiation template to ensure proper connectivity, and update your design if required.

2. Connection Warnings
----------------------

Detected external port differences while upgrading 'EQ_27_band_eq_core_0_0'. These changes may impact your design.


-Upgrade has added port 'lrclk'







Copyright 1986-2017 Xilinx, Inc. All Rights Reserved.
------------------------------------------------------------------------------------
| Tool Version : Vivado v.2017.4 (win64) Build 2086221 Fri Dec 15 20:55:39 MST 2017
| Date         : Wed Jan 24 18:26:25 2018
| Host         : Del_Alienware running 64-bit Service Pack 1  (build 7601)
| Command      : upgrade_ip
| Device       : xc7z020clg484-1
------------------------------------------------------------------------------------

Upgrade Log for IP 'EQ_27_band_axi_i2s_receiver_0_0'

1. Summary
----------

SUCCESS in the upgrade of EQ_27_band_axi_i2s_receiver_0_0 (xilinx.com:user:axi_i2s_receiver:1.0) from (Rev. 7) to (Rev. 8)






Copyright 1986-2017 Xilinx, Inc. All Rights Reserved.
------------------------------------------------------------------------------------
| Tool Version : Vivado v.2017.4 (win64) Build 2086221 Fri Dec 15 20:55:39 MST 2017
| Date         : Wed Jan 24 17:24:32 2018
| Host         : Del_Alienware running 64-bit Service Pack 1  (build 7601)
| Command      : upgrade_ip
| Device       : xc7z020clg484-1
------------------------------------------------------------------------------------

Upgrade Log for IP 'EQ_27_band_axi_i2s_receiver_0_0'

1. Summary
----------

SUCCESS in the upgrade of EQ_27_band_axi_i2s_receiver_0_0 (xilinx.com:user:axi_i2s_receiver:1.0) from (Rev. 6) to (Rev. 7)






Copyright 1986-2017 Xilinx, Inc. All Rights Reserved.
------------------------------------------------------------------------------------
| Tool Version : Vivado v.2017.4 (win64) Build 2086221 Fri Dec 15 20:55:39 MST 2017
| Date         : Wed Jan 24 16:44:00 2018
| Host         : Del_Alienware running 64-bit Service Pack 1  (build 7601)
| Command      : upgrade_ip
| Device       : xc7z020clg484-1
------------------------------------------------------------------------------------

Upgrade Log for IP 'EQ_27_band_axi_i2s_receiver_0_0'

1. Summary
----------

SUCCESS in the upgrade of EQ_27_band_axi_i2s_receiver_0_0 (xilinx.com:user:axi_i2s_receiver:1.0) from (Rev. 5) to (Rev. 6)






Copyright 1986-2017 Xilinx, Inc. All Rights Reserved.
------------------------------------------------------------------------------------
| Tool Version : Vivado v.2017.4 (win64) Build 2086221 Fri Dec 15 20:55:39 MST 2017
| Date         : Wed Jan 24 15:33:01 2018
| Host         : Del_Alienware running 64-bit Service Pack 1  (build 7601)
| Command      : upgrade_ip
| Device       : xc7z020clg484-1
------------------------------------------------------------------------------------

Upgrade Log for IP 'EQ_27_band_axi_i2s_transmitter_0_0'

1. Summary
----------

CAUTION (success, with warnings) in the upgrade of EQ_27_band_axi_i2s_transmitter_0_0 (DelHatch:user:axi_i2s_transmitter:1.0) from (Rev. 6) to (Rev. 7)

After upgrade, an IP may have parameter and port differences compared to the original customization. Please review the parameters within the IP customization GUI to ensure proper functionality. Also, please review the updated IP instantiation template to ensure proper connectivity, and update your design if required.

2. Connection Warnings
----------------------

Detected external port differences while upgrading 'EQ_27_band_axi_i2s_transmitter_0_0'. These changes may impact your design.


-Upgraded port 'bclk' out differs from original direction in

-Upgraded port 'lrclk' out differs from original direction in







Copyright 1986-2017 Xilinx, Inc. All Rights Reserved.
------------------------------------------------------------------------------------
| Tool Version : Vivado v.2017.4 (win64) Build 2086221 Fri Dec 15 20:55:39 MST 2017
| Date         : Wed Jan 24 15:26:06 2018
| Host         : Del_Alienware running 64-bit Service Pack 1  (build 7601)
| Command      : upgrade_ip
| Device       : xc7z020clg484-1
------------------------------------------------------------------------------------

Upgrade Log for IP 'EQ_27_band_axi_i2s_transmitter_0_0'

1. Summary
----------

CAUTION (success, with warnings) in the upgrade of EQ_27_band_axi_i2s_transmitter_0_0 (DelHatch:user:axi_i2s_transmitter:1.0) from (Rev. 4) to (Rev. 6)

After upgrade, an IP may have parameter and port differences compared to the original customization. Please review the parameters within the IP customization GUI to ensure proper functionality. Also, please review the updated IP instantiation template to ensure proper connectivity, and update your design if required.

2. Connection Warnings
----------------------

Detected external port differences while upgrading 'EQ_27_band_axi_i2s_transmitter_0_0'. These changes may impact your design.


-Upgraded port 'bclk' in differs from original direction out

-Upgraded port 'lrclk' in differs from original direction out







Copyright 1986-2017 Xilinx, Inc. All Rights Reserved.
------------------------------------------------------------------------------------
| Tool Version : Vivado v.2017.4 (win64) Build 2086221 Fri Dec 15 20:55:39 MST 2017
| Date         : Wed Jan 24 14:48:13 2018
| Host         : Del_Alienware running 64-bit Service Pack 1  (build 7601)
| Command      : upgrade_ip
| Device       : xc7z020clg484-1
------------------------------------------------------------------------------------

Upgrade Log for IP 'EQ_27_band_axi_i2s_transmitter_0_0'

1. Summary
----------

SUCCESS in the conversion of EQ_27_band_axi_i2s_transmitter_0_0 (DelHatch:user:axi_i2s_transmitter:1.0 (Rev. 4)) to Vivado generation flows.






Copyright 1986-2017 Xilinx, Inc. All Rights Reserved.
------------------------------------------------------------------------------------
| Tool Version : Vivado v.2017.4 (win64) Build 2086221 Fri Dec 15 20:55:39 MST 2017
| Date         : Tue Jan 23 16:22:57 2018
| Host         : Del_Alienware running 64-bit Service Pack 1  (build 7601)
| Command      : upgrade_ip
| Device       : xc7z020clg484-1
------------------------------------------------------------------------------------

Upgrade Log for IP 'EQ_27_band_axi_i2s_transmitter_0_0'

1. Summary
----------

CAUTION (success, with warnings) in the upgrade of EQ_27_band_axi_i2s_transmitter_0_0 (DelHatch:user:axi_i2s_transmitter:1.0) from (Rev. 3) to (Rev. 4)

After upgrade, an IP may have parameter and port differences compared to the original customization. Please review the parameters within the IP customization GUI to ensure proper functionality. Also, please review the updated IP instantiation template to ensure proper connectivity, and update your design if required.

2. Connection Warnings
----------------------

Detected external port differences while upgrading 'EQ_27_band_axi_i2s_transmitter_0_0'. These changes may impact your design.


-Upgraded port 'bclk' out differs from original direction in

-Upgraded port 'lrclk' out differs from original direction in







Copyright 1986-2017 Xilinx, Inc. All Rights Reserved.
------------------------------------------------------------------------------------
| Tool Version : Vivado v.2017.4 (win64) Build 2086221 Fri Dec 15 20:55:39 MST 2017
| Date         : Tue Jan 23 16:09:55 2018
| Host         : Del_Alienware running 64-bit Service Pack 1  (build 7601)
| Command      : upgrade_ip
| Device       : xc7z020clg484-1
------------------------------------------------------------------------------------

Upgrade Log for IP 'EQ_27_band_axi_i2s_transmitter_0_0'

1. Summary
----------

CAUTION (success, with warnings) in the upgrade of EQ_27_band_axi_i2s_transmitter_0_0 (DelHatch:user:axi_i2s_transmitter:1.0) from (Rev. 2) to (Rev. 3)

After upgrade, an IP may have parameter and port differences compared to the original customization. Please review the parameters within the IP customization GUI to ensure proper functionality. Also, please review the updated IP instantiation template to ensure proper connectivity, and update your design if required.

2. Connection Warnings
----------------------

Detected external port differences while upgrading 'EQ_27_band_axi_i2s_transmitter_0_0'. These changes may impact your design.


-Upgrade has added port 'bclk'

-Upgrade has added port 'lrclk'

-Upgrade has added port 'sdata_out'







Copyright 1986-2017 Xilinx, Inc. All Rights Reserved.
------------------------------------------------------------------------------------
| Tool Version : Vivado v.2017.4 (win64) Build 2086221 Fri Dec 15 20:55:39 MST 2017
| Date         : Tue Jan 23 15:38:36 2018
| Host         : Del_Alienware running 64-bit Service Pack 1  (build 7601)
| Command      : upgrade_ip
| Device       : xc7z020clg484-1
------------------------------------------------------------------------------------

Upgrade Log for IP 'EQ_27_band_eq_core_0_0'

1. Summary
----------

CAUTION (success, with warnings) in the upgrade of EQ_27_band_eq_core_0_0 (xilinx.com:user:eq_core:1.0) from (Rev. 1) to (Rev. 2)

After upgrade, an IP may have parameter and port differences compared to the original customization. Please review the parameters within the IP customization GUI to ensure proper functionality. Also, please review the updated IP instantiation template to ensure proper connectivity, and update your design if required.

2. Interface Information
------------------------

Detected external interface differences while upgrading 'EQ_27_band_eq_core_0_0'.


-Upgrade has renamed interface 'S00_AXI' as 's00_axi' (xilinx.com:interface:aximm:1.0)

-Upgrade has removed interface 'S00_AXIS'

-Upgrade has removed interface 'S00_AXIS_CLK'

-Upgrade has removed interface 'S00_AXIS_RST'

-Upgrade has removed interface 'S00_AXI_CLK'

-Upgrade has removed interface 'S00_AXI_RST'

-Upgrade has added interface 'm_axis' (xilinx.com:interface:axis:1.0)

-Upgrade has added interface 'm_axis_aclk' (xilinx.com:signal:clock:1.0)

-Upgrade has added interface 'm_axis_aresetn' (xilinx.com:signal:reset:1.0)

-Upgrade has added interface 's00_axi_aclk' (xilinx.com:signal:clock:1.0)

-Upgrade has added interface 's00_axi_aresetn' (xilinx.com:signal:reset:1.0)

-Upgrade has added interface 's_axis' (xilinx.com:interface:axis:1.0)

-Upgrade has added interface 's_axis_aclk' (xilinx.com:signal:clock:1.0)

-Upgrade has added interface 's_axis_aresetn' (xilinx.com:signal:reset:1.0)


3. Connection Warnings
----------------------

Detected external port differences while upgrading 'EQ_27_band_eq_core_0_0'. These changes may impact your design.


-Upgrade has removed port 's00_axis_aclk'

-Upgrade has removed port 's00_axis_aresetn'

-Upgrade has removed port 's00_axis_tdata'

-Upgrade has removed port 's00_axis_tlast'

-Upgrade has removed port 's00_axis_tready'

-Upgrade has removed port 's00_axis_tstrb'

-Upgrade has removed port 's00_axis_tvalid'

-Upgrade has added port 'm_axis_aclk'

-Upgrade has added port 'm_axis_aresetn'

-Upgrade has added port 'm_axis_tdata'

-Upgrade has added port 'm_axis_tlast'

-Upgrade has added port 'm_axis_tready'

-Upgrade has added port 'm_axis_tstrb'

-Upgrade has added port 'm_axis_tvalid'

-Upgrade has added port 's_axis_aclk'

-Upgrade has added port 's_axis_aresetn'

-Upgrade has added port 's_axis_tdata'

-Upgrade has added port 's_axis_tlast'

-Upgrade has added port 's_axis_tready'

-Upgrade has added port 's_axis_tstrb'

-Upgrade has added port 's_axis_tvalid'


4. Customization warnings
-------------------------

Parameter 'C_S00_AXI_BASEADDR' is no longer present on the upgraded IP 'EQ_27_band_eq_core_0_0', and cannot be set to '0xFFFFFFFF'

Parameter 'C_S00_AXI_HIGHADDR' is no longer present on the upgraded IP 'EQ_27_band_eq_core_0_0', and cannot be set to '0x00000000'

Parameter 'C_S00_AXIS_TDATA_WIDTH' is no longer present on the upgraded IP 'EQ_27_band_eq_core_0_0', and cannot be set to '32'


5. Debug Commands
-----------------

  The following debug information can be passed to Vivado as Tcl commands,
in order to validate or debug the output of the upgrade flow.
  You may consult any warnings from within this upgrade, and alter or remove
the configuration parameter(s) which caused the warning; then execute the Tcl
commands, and use the IP Customization GUI to verify the IP configuration.

create_ip -vlnv xilinx.com:user:eq_core:1.0 -user_name EQ_27_band_eq_core_0_0
set_property -dict "\
  CONFIG.C_S00_AXI_ADDR_WIDTH {6} \
  CONFIG.C_S00_AXI_DATA_WIDTH {32} \
  CONFIG.Component_Name {EQ_27_band_eq_core_0_0} \
  CONFIG.s00_axi.ADDR_WIDTH {6} \
  CONFIG.s00_axi.ARUSER_WIDTH {0} \
  CONFIG.s00_axi.AWUSER_WIDTH {0} \
  CONFIG.s00_axi.BUSER_WIDTH {0} \
  CONFIG.s00_axi.CLK_DOMAIN {} \
  CONFIG.s00_axi.DATA_WIDTH {32} \
  CONFIG.s00_axi.FREQ_HZ {100000000} \
  CONFIG.s00_axi.HAS_BRESP {1} \
  CONFIG.s00_axi.HAS_BURST {0} \
  CONFIG.s00_axi.HAS_CACHE {0} \
  CONFIG.s00_axi.HAS_LOCK {0} \
  CONFIG.s00_axi.HAS_PROT {1} \
  CONFIG.s00_axi.HAS_QOS {0} \
  CONFIG.s00_axi.HAS_REGION {0} \
  CONFIG.s00_axi.HAS_RRESP {1} \
  CONFIG.s00_axi.HAS_WSTRB {1} \
  CONFIG.s00_axi.ID_WIDTH {0} \
  CONFIG.s00_axi.MAX_BURST_LENGTH {1} \
  CONFIG.s00_axi.NUM_READ_OUTSTANDING {1} \
  CONFIG.s00_axi.NUM_READ_THREADS {1} \
  CONFIG.s00_axi.NUM_WRITE_OUTSTANDING {1} \
  CONFIG.s00_axi.NUM_WRITE_THREADS {1} \
  CONFIG.s00_axi.PHASE {0.000} \
  CONFIG.s00_axi.PROTOCOL {AXI4LITE} \
  CONFIG.s00_axi.READ_WRITE_MODE {READ_WRITE} \
  CONFIG.s00_axi.RUSER_BITS_PER_BYTE {0} \
  CONFIG.s00_axi.RUSER_WIDTH {0} \
  CONFIG.s00_axi.SUPPORTS_NARROW_BURST {0} \
  CONFIG.s00_axi.WUSER_BITS_PER_BYTE {0} \
  CONFIG.s00_axi.WUSER_WIDTH {0} " [get_ips EQ_27_band_eq_core_0_0]







Copyright 1986-2017 Xilinx, Inc. All Rights Reserved.
------------------------------------------------------------------------------------
| Tool Version : Vivado v.2017.4 (win64) Build 2086221 Fri Dec 15 20:55:39 MST 2017
| Date         : Tue Jan 23 12:43:35 2018
| Host         : Del_Alienware running 64-bit Service Pack 1  (build 7601)
| Command      : upgrade_ip
| Device       : xc7z020clg484-1
------------------------------------------------------------------------------------

Upgrade Log for IP 'EQ_27_band_axi_i2s_receiver_0_0'

1. Summary
----------

CAUTION (success, with warnings) in the upgrade of EQ_27_band_axi_i2s_receiver_0_0 (xilinx.com:user:axi_i2s_receiver:1.0) from (Rev. 4) to (Rev. 5)

After upgrade, an IP may have parameter and port differences compared to the original customization. Please review the parameters within the IP customization GUI to ensure proper functionality. Also, please review the updated IP instantiation template to ensure proper connectivity, and update your design if required.

2. Connection Warnings
----------------------

Detected external port differences while upgrading 'EQ_27_band_axi_i2s_receiver_0_0'. These changes may impact your design.


-Upgrade has removed port 'blck'

-Upgrade has added port 'bclk'







Copyright 1986-2017 Xilinx, Inc. All Rights Reserved.
------------------------------------------------------------------------------------
| Tool Version : Vivado v.2017.4 (win64) Build 2086221 Fri Dec 15 20:55:39 MST 2017
| Date         : Mon Jan 22 20:00:03 2018
| Host         : Del_Alienware running 64-bit Service Pack 1  (build 7601)
| Command      : upgrade_ip
| Device       : xc7z020clg484-1
------------------------------------------------------------------------------------

Upgrade Log for IP 'EQ_27_band_axi_i2s_receiver_0_1'

1. Summary
----------

SUCCESS in the conversion of EQ_27_band_axi_i2s_receiver_0_1 (xilinx.com:user:axi_i2s_receiver:1.0 (Rev. 4)) to Vivado generation flows.






Copyright 1986-2017 Xilinx, Inc. All Rights Reserved.
------------------------------------------------------------------------------------
| Tool Version : Vivado v.2017.4 (win64) Build 2086221 Fri Dec 15 20:55:39 MST 2017
| Date         : Mon Jan 22 19:50:30 2018
| Host         : Del_Alienware running 64-bit Service Pack 1  (build 7601)
| Command      : upgrade_ip
| Device       : xc7z020clg484-1
------------------------------------------------------------------------------------

Upgrade Log for IP 'EQ_27_band_axi_i2s_receiver_0_1'

1. Summary
----------

SUCCESS in the upgrade of EQ_27_band_axi_i2s_receiver_0_1 (xilinx.com:user:axi_i2s_receiver:1.0) from (Rev. 3) to (Rev. 4)






Copyright 1986-2017 Xilinx, Inc. All Rights Reserved.
------------------------------------------------------------------------------------
| Tool Version : Vivado v.2017.4 (win64) Build 2086221 Fri Dec 15 20:55:39 MST 2017
| Date         : Mon Jan 22 18:23:44 2018
| Host         : Del_Alienware running 64-bit Service Pack 1  (build 7601)
| Command      : upgrade_ip
| Device       : xc7z020clg484-1
------------------------------------------------------------------------------------

Upgrade Log for IP 'EQ_27_band_axi_i2s_receiver_0_1'

1. Summary
----------

CAUTION (success, with warnings) in the upgrade of EQ_27_band_axi_i2s_receiver_0_1 (xilinx.com:user:axi_i2s_receiver:1.0) from (Rev. 2) to (Rev. 3)

After upgrade, an IP may have parameter and port differences compared to the original customization. Please review the parameters within the IP customization GUI to ensure proper functionality. Also, please review the updated IP instantiation template to ensure proper connectivity, and update your design if required.

2. Connection Warnings
----------------------

Detected external port differences while upgrading 'EQ_27_band_axi_i2s_receiver_0_1'. These changes may impact your design.


-Upgrade has added port 'blck'

-Upgrade has added port 'lrclk'

-Upgrade has added port 'sdata'







Copyright 1986-2017 Xilinx, Inc. All Rights Reserved.
------------------------------------------------------------------------------------
| Tool Version : Vivado v.2017.4 (win64) Build 2086221 Fri Dec 15 20:55:39 MST 2017
| Date         : Mon Jan 22 18:19:49 2018
| Host         : Del_Alienware running 64-bit Service Pack 1  (build 7601)
| Command      : upgrade_ip
| Device       : xc7z020clg484-1
------------------------------------------------------------------------------------

Upgrade Log for IP 'EQ_27_band_axi_i2s_receiver_0_1'

1. Summary
----------

SUCCESS in the upgrade of EQ_27_band_axi_i2s_receiver_0_1 (xilinx.com:user:axi_i2s_receiver:1.0) from (Rev. 1) to (Rev. 2)

