
*** Running vivado
    with args -log EQ_27_band_axi_i2s_receiver_0_0.vds -m64 -product Vivado -mode batch -messageDb vivado.pb -notrace -source EQ_27_band_axi_i2s_receiver_0_0.tcl


****** Vivado v2017.4 (64-bit)
  **** SW Build 2086221 on Fri Dec 15 20:55:39 MST 2017
  **** IP Build 2085800 on Fri Dec 15 22:25:07 MST 2017
    ** Copyright 1986-2017 Xilinx, Inc. All Rights Reserved.

source EQ_27_band_axi_i2s_receiver_0_0.tcl -notrace
Command: synth_design -top EQ_27_band_axi_i2s_receiver_0_0 -part xc7z020clg484-1 -mode out_of_context
Starting synth_design
Attempting to get a license for feature 'Synthesis' and/or device 'xc7z020'
INFO: [Common 17-349] Got license for feature 'Synthesis' and/or device 'xc7z020'
INFO: Launching helper process for spawning children vivado processes
INFO: Helper process launched with PID 3384 
WARNING: [Synth 8-2507] parameter declaration becomes local in axi_i2s_receiver_v1_0_M_AXIS with formal parameter declaration list [c:/Zynq_Book/EQ_27_band/EQ_27_band.srcs/sources_1/bd/EQ_27_band/ipshared/32b3/hdl/axi_i2s_receiver_v1_0_M_AXIS.v:63]
---------------------------------------------------------------------------------
Starting RTL Elaboration : Time (s): cpu = 00:00:11 ; elapsed = 00:00:14 . Memory (MB): peak = 367.645 ; gain = 109.242
---------------------------------------------------------------------------------
INFO: [Synth 8-638] synthesizing module 'EQ_27_band_axi_i2s_receiver_0_0' [c:/Zynq_Book/EQ_27_band/EQ_27_band.srcs/sources_1/bd/EQ_27_band/ip/EQ_27_band_axi_i2s_receiver_0_0/synth/EQ_27_band_axi_i2s_receiver_0_0.v:57]
INFO: [Synth 8-638] synthesizing module 'axi_i2s_receiver_v1_0' [c:/Zynq_Book/EQ_27_band/EQ_27_band.srcs/sources_1/bd/EQ_27_band/ipshared/32b3/hdl/axi_i2s_receiver_v1_0.v:4]
	Parameter C_M_AXIS_TDATA_WIDTH bound to: 32 - type: integer 
	Parameter C_M_AXIS_START_COUNT bound to: 32 - type: integer 
INFO: [Synth 8-638] synthesizing module 'axi_i2s_receiver_v1_0_M_AXIS' [c:/Zynq_Book/EQ_27_band/EQ_27_band.srcs/sources_1/bd/EQ_27_band/ipshared/32b3/hdl/axi_i2s_receiver_v1_0_M_AXIS.v:3]
	Parameter C_M_AXIS_TDATA_WIDTH bound to: 32 - type: integer 
	Parameter C_M_START_COUNT bound to: 32 - type: integer 
	Parameter NUMBER_OF_OUTPUT_WORDS bound to: 2 - type: integer 
	Parameter WAIT_COUNT_BITS bound to: 5 - type: integer 
	Parameter bit_num bound to: 2 - type: integer 
	Parameter IDLE bound to: 2'b00 
	Parameter INIT_COUNTER bound to: 2'b01 
	Parameter SEND_STREAM bound to: 2'b10 
INFO: [Synth 8-155] case statement is not full and has no default [c:/Zynq_Book/EQ_27_band/EQ_27_band.srcs/sources_1/bd/EQ_27_band/ipshared/32b3/hdl/axi_i2s_receiver_v1_0_M_AXIS.v:108]
INFO: [Synth 8-638] synthesizing module 'i2s_receiver' [c:/Zynq_Book/EQ_27_band/EQ_27_band.srcs/sources_1/bd/EQ_27_band/ipshared/32b3/src/i2s_receiver.v:9]
	Parameter SR_WIDTH bound to: 32 - type: integer 
	Parameter RING_WIDTH bound to: 33 - type: integer 
INFO: [Synth 8-256] done synthesizing module 'i2s_receiver' (1#1) [c:/Zynq_Book/EQ_27_band/EQ_27_band.srcs/sources_1/bd/EQ_27_band/ipshared/32b3/src/i2s_receiver.v:9]
WARNING: [Synth 8-3848] Net blck in module/entity axi_i2s_receiver_v1_0_M_AXIS does not have driver. [c:/Zynq_Book/EQ_27_band/EQ_27_band.srcs/sources_1/bd/EQ_27_band/ipshared/32b3/hdl/axi_i2s_receiver_v1_0_M_AXIS.v:182]
INFO: [Synth 8-256] done synthesizing module 'axi_i2s_receiver_v1_0_M_AXIS' (2#1) [c:/Zynq_Book/EQ_27_band/EQ_27_band.srcs/sources_1/bd/EQ_27_band/ipshared/32b3/hdl/axi_i2s_receiver_v1_0_M_AXIS.v:3]
INFO: [Synth 8-256] done synthesizing module 'axi_i2s_receiver_v1_0' (3#1) [c:/Zynq_Book/EQ_27_band/EQ_27_band.srcs/sources_1/bd/EQ_27_band/ipshared/32b3/hdl/axi_i2s_receiver_v1_0.v:4]
INFO: [Synth 8-256] done synthesizing module 'EQ_27_band_axi_i2s_receiver_0_0' (4#1) [c:/Zynq_Book/EQ_27_band/EQ_27_band.srcs/sources_1/bd/EQ_27_band/ip/EQ_27_band_axi_i2s_receiver_0_0/synth/EQ_27_band_axi_i2s_receiver_0_0.v:57]
WARNING: [Synth 8-3331] design axi_i2s_receiver_v1_0_M_AXIS has unconnected port bclk
---------------------------------------------------------------------------------
Finished RTL Elaboration : Time (s): cpu = 00:00:12 ; elapsed = 00:00:16 . Memory (MB): peak = 396.918 ; gain = 138.516
---------------------------------------------------------------------------------

Report Check Netlist: 
+------+------------------+-------+---------+-------+------------------+
|      |Item              |Errors |Warnings |Status |Description       |
+------+------------------+-------+---------+-------+------------------+
|1     |multi_driven_nets |      0|        0|Passed |Multi driven nets |
+------+------------------+-------+---------+-------+------------------+
WARNING: [Synth 8-3295] tying undriven pin my_receiver:sck to constant 0 [c:/Zynq_Book/EQ_27_band/EQ_27_band.srcs/sources_1/bd/EQ_27_band/ipshared/32b3/hdl/axi_i2s_receiver_v1_0_M_AXIS.v:178]
---------------------------------------------------------------------------------
Finished RTL Optimization Phase 1 : Time (s): cpu = 00:00:13 ; elapsed = 00:00:16 . Memory (MB): peak = 396.918 ; gain = 138.516
---------------------------------------------------------------------------------
INFO: [Device 21-403] Loading part xc7z020clg484-1
INFO: [Project 1-570] Preparing netlist for logic optimization

Processing XDC Constraints
Initializing timing engine
Completed Processing XDC Constraints

INFO: [Project 1-111] Unisim Transformation Summary:
No Unisim elements were transformed.

Constraint Validation Runtime : Time (s): cpu = 00:00:00 ; elapsed = 00:00:00.012 . Memory (MB): peak = 749.586 ; gain = 0.000
---------------------------------------------------------------------------------
Finished Constraint Validation : Time (s): cpu = 00:00:34 ; elapsed = 00:00:38 . Memory (MB): peak = 749.586 ; gain = 491.184
---------------------------------------------------------------------------------
---------------------------------------------------------------------------------
Start Loading Part and Timing Information
---------------------------------------------------------------------------------
Loading part: xc7z020clg484-1
---------------------------------------------------------------------------------
Finished Loading Part and Timing Information : Time (s): cpu = 00:00:34 ; elapsed = 00:00:38 . Memory (MB): peak = 749.586 ; gain = 491.184
---------------------------------------------------------------------------------
---------------------------------------------------------------------------------
Start Applying 'set_property' XDC Constraints
---------------------------------------------------------------------------------
---------------------------------------------------------------------------------
Finished applying 'set_property' XDC Constraints : Time (s): cpu = 00:00:34 ; elapsed = 00:00:38 . Memory (MB): peak = 749.586 ; gain = 491.184
---------------------------------------------------------------------------------
INFO: [Synth 8-5544] ROM "read_pointer" won't be mapped to Block RAM because address size (2) smaller than threshold (5)
---------------------------------------------------------------------------------
Finished RTL Optimization Phase 2 : Time (s): cpu = 00:00:34 ; elapsed = 00:00:39 . Memory (MB): peak = 749.586 ; gain = 491.184
---------------------------------------------------------------------------------

Report RTL Partitions: 
+-+--------------+------------+----------+
| |RTL Partition |Replication |Instances |
+-+--------------+------------+----------+
+-+--------------+------------+----------+
---------------------------------------------------------------------------------
Start RTL Component Statistics 
---------------------------------------------------------------------------------
Detailed RTL Component Info : 
+---XORs : 
	   2 Input      1 Bit         XORs := 1     
+---Registers : 
	               32 Bit    Registers := 3     
	                2 Bit    Registers := 1     
	                1 Bit    Registers := 6     
+---Muxes : 
	   2 Input     32 Bit        Muxes := 2     
	   7 Input      2 Bit        Muxes := 3     
	   3 Input      1 Bit        Muxes := 1     
	   2 Input      1 Bit        Muxes := 1     
---------------------------------------------------------------------------------
Finished RTL Component Statistics 
---------------------------------------------------------------------------------
---------------------------------------------------------------------------------
Start RTL Hierarchical Component Statistics 
---------------------------------------------------------------------------------
Hierarchical RTL Component report 
Module i2s_receiver 
Detailed RTL Component Info : 
+---XORs : 
	   2 Input      1 Bit         XORs := 1     
+---Registers : 
	               32 Bit    Registers := 3     
	                1 Bit    Registers := 2     
+---Muxes : 
	   2 Input     32 Bit        Muxes := 1     
Module axi_i2s_receiver_v1_0_M_AXIS 
Detailed RTL Component Info : 
+---Registers : 
	                2 Bit    Registers := 1     
	                1 Bit    Registers := 4     
+---Muxes : 
	   2 Input     32 Bit        Muxes := 1     
	   7 Input      2 Bit        Muxes := 3     
	   3 Input      1 Bit        Muxes := 1     
	   2 Input      1 Bit        Muxes := 1     
---------------------------------------------------------------------------------
Finished RTL Hierarchical Component Statistics
---------------------------------------------------------------------------------
---------------------------------------------------------------------------------
Start Part Resource Summary
---------------------------------------------------------------------------------
Part Resources:
DSPs: 220 (col length:60)
BRAMs: 280 (col length: RAMB18 60 RAMB36 30)
---------------------------------------------------------------------------------
Finished Part Resource Summary
---------------------------------------------------------------------------------
---------------------------------------------------------------------------------
Start Cross Boundary and Area Optimization
---------------------------------------------------------------------------------
INFO: [Synth 8-3917] design EQ_27_band_axi_i2s_receiver_0_0 has port m_axis_tstrb[3] driven by constant 1
INFO: [Synth 8-3917] design EQ_27_band_axi_i2s_receiver_0_0 has port m_axis_tstrb[2] driven by constant 1
INFO: [Synth 8-3917] design EQ_27_band_axi_i2s_receiver_0_0 has port m_axis_tstrb[1] driven by constant 1
INFO: [Synth 8-3917] design EQ_27_band_axi_i2s_receiver_0_0 has port m_axis_tstrb[0] driven by constant 1
WARNING: [Synth 8-3331] design EQ_27_band_axi_i2s_receiver_0_0 has unconnected port bclk
---------------------------------------------------------------------------------
Finished Cross Boundary and Area Optimization : Time (s): cpu = 00:00:36 ; elapsed = 00:00:40 . Memory (MB): peak = 749.586 ; gain = 491.184
---------------------------------------------------------------------------------

Report RTL Partitions: 
+-+--------------+------------+----------+
| |RTL Partition |Replication |Instances |
+-+--------------+------------+----------+
+-+--------------+------------+----------+
---------------------------------------------------------------------------------
Start Applying XDC Timing Constraints
---------------------------------------------------------------------------------
---------------------------------------------------------------------------------
Finished Applying XDC Timing Constraints : Time (s): cpu = 00:00:57 ; elapsed = 00:01:02 . Memory (MB): peak = 762.961 ; gain = 504.559
---------------------------------------------------------------------------------
---------------------------------------------------------------------------------
Start Timing Optimization
---------------------------------------------------------------------------------
---------------------------------------------------------------------------------
Finished Timing Optimization : Time (s): cpu = 00:00:57 ; elapsed = 00:01:02 . Memory (MB): peak = 763.211 ; gain = 504.809
---------------------------------------------------------------------------------

Report RTL Partitions: 
+-+--------------+------------+----------+
| |RTL Partition |Replication |Instances |
+-+--------------+------------+----------+
+-+--------------+------------+----------+
---------------------------------------------------------------------------------
Start Technology Mapping
---------------------------------------------------------------------------------
INFO: [Synth 8-3332] Sequential element (inst/axi_i2s_receiver_v1_0_M_AXIS_inst/my_receiver/ring_cntr_reg[32]) is unused and will be removed from module EQ_27_band_axi_i2s_receiver_0_0.
INFO: [Synth 8-3332] Sequential element (inst/axi_i2s_receiver_v1_0_M_AXIS_inst/my_receiver/ring_cntr_reg[31]) is unused and will be removed from module EQ_27_band_axi_i2s_receiver_0_0.
INFO: [Synth 8-3332] Sequential element (inst/axi_i2s_receiver_v1_0_M_AXIS_inst/my_receiver/ring_cntr_reg[30]) is unused and will be removed from module EQ_27_band_axi_i2s_receiver_0_0.
INFO: [Synth 8-3332] Sequential element (inst/axi_i2s_receiver_v1_0_M_AXIS_inst/my_receiver/ring_cntr_reg[29]) is unused and will be removed from module EQ_27_band_axi_i2s_receiver_0_0.
INFO: [Synth 8-3332] Sequential element (inst/axi_i2s_receiver_v1_0_M_AXIS_inst/my_receiver/ring_cntr_reg[28]) is unused and will be removed from module EQ_27_band_axi_i2s_receiver_0_0.
INFO: [Synth 8-3332] Sequential element (inst/axi_i2s_receiver_v1_0_M_AXIS_inst/my_receiver/ring_cntr_reg[27]) is unused and will be removed from module EQ_27_band_axi_i2s_receiver_0_0.
INFO: [Synth 8-3332] Sequential element (inst/axi_i2s_receiver_v1_0_M_AXIS_inst/my_receiver/ring_cntr_reg[26]) is unused and will be removed from module EQ_27_band_axi_i2s_receiver_0_0.
INFO: [Synth 8-3332] Sequential element (inst/axi_i2s_receiver_v1_0_M_AXIS_inst/my_receiver/ring_cntr_reg[25]) is unused and will be removed from module EQ_27_band_axi_i2s_receiver_0_0.
INFO: [Synth 8-3332] Sequential element (inst/axi_i2s_receiver_v1_0_M_AXIS_inst/my_receiver/ring_cntr_reg[24]) is unused and will be removed from module EQ_27_band_axi_i2s_receiver_0_0.
INFO: [Synth 8-3332] Sequential element (inst/axi_i2s_receiver_v1_0_M_AXIS_inst/my_receiver/ring_cntr_reg[23]) is unused and will be removed from module EQ_27_band_axi_i2s_receiver_0_0.
INFO: [Synth 8-3332] Sequential element (inst/axi_i2s_receiver_v1_0_M_AXIS_inst/my_receiver/ring_cntr_reg[22]) is unused and will be removed from module EQ_27_band_axi_i2s_receiver_0_0.
INFO: [Synth 8-3332] Sequential element (inst/axi_i2s_receiver_v1_0_M_AXIS_inst/my_receiver/ring_cntr_reg[21]) is unused and will be removed from module EQ_27_band_axi_i2s_receiver_0_0.
INFO: [Synth 8-3332] Sequential element (inst/axi_i2s_receiver_v1_0_M_AXIS_inst/my_receiver/ring_cntr_reg[20]) is unused and will be removed from module EQ_27_band_axi_i2s_receiver_0_0.
INFO: [Synth 8-3332] Sequential element (inst/axi_i2s_receiver_v1_0_M_AXIS_inst/my_receiver/ring_cntr_reg[19]) is unused and will be removed from module EQ_27_band_axi_i2s_receiver_0_0.
INFO: [Synth 8-3332] Sequential element (inst/axi_i2s_receiver_v1_0_M_AXIS_inst/my_receiver/ring_cntr_reg[18]) is unused and will be removed from module EQ_27_band_axi_i2s_receiver_0_0.
INFO: [Synth 8-3332] Sequential element (inst/axi_i2s_receiver_v1_0_M_AXIS_inst/my_receiver/ring_cntr_reg[17]) is unused and will be removed from module EQ_27_band_axi_i2s_receiver_0_0.
INFO: [Synth 8-3332] Sequential element (inst/axi_i2s_receiver_v1_0_M_AXIS_inst/my_receiver/ring_cntr_reg[16]) is unused and will be removed from module EQ_27_band_axi_i2s_receiver_0_0.
INFO: [Synth 8-3332] Sequential element (inst/axi_i2s_receiver_v1_0_M_AXIS_inst/my_receiver/ring_cntr_reg[15]) is unused and will be removed from module EQ_27_band_axi_i2s_receiver_0_0.
INFO: [Synth 8-3332] Sequential element (inst/axi_i2s_receiver_v1_0_M_AXIS_inst/my_receiver/ring_cntr_reg[14]) is unused and will be removed from module EQ_27_band_axi_i2s_receiver_0_0.
INFO: [Synth 8-3332] Sequential element (inst/axi_i2s_receiver_v1_0_M_AXIS_inst/my_receiver/ring_cntr_reg[13]) is unused and will be removed from module EQ_27_band_axi_i2s_receiver_0_0.
INFO: [Synth 8-3332] Sequential element (inst/axi_i2s_receiver_v1_0_M_AXIS_inst/my_receiver/ring_cntr_reg[12]) is unused and will be removed from module EQ_27_band_axi_i2s_receiver_0_0.
INFO: [Synth 8-3332] Sequential element (inst/axi_i2s_receiver_v1_0_M_AXIS_inst/my_receiver/ring_cntr_reg[11]) is unused and will be removed from module EQ_27_band_axi_i2s_receiver_0_0.
INFO: [Synth 8-3332] Sequential element (inst/axi_i2s_receiver_v1_0_M_AXIS_inst/my_receiver/ring_cntr_reg[10]) is unused and will be removed from module EQ_27_band_axi_i2s_receiver_0_0.
INFO: [Synth 8-3332] Sequential element (inst/axi_i2s_receiver_v1_0_M_AXIS_inst/my_receiver/ring_cntr_reg[9]) is unused and will be removed from module EQ_27_band_axi_i2s_receiver_0_0.
INFO: [Synth 8-3332] Sequential element (inst/axi_i2s_receiver_v1_0_M_AXIS_inst/my_receiver/ring_cntr_reg[8]) is unused and will be removed from module EQ_27_band_axi_i2s_receiver_0_0.
INFO: [Synth 8-3332] Sequential element (inst/axi_i2s_receiver_v1_0_M_AXIS_inst/my_receiver/ring_cntr_reg[7]) is unused and will be removed from module EQ_27_band_axi_i2s_receiver_0_0.
INFO: [Synth 8-3332] Sequential element (inst/axi_i2s_receiver_v1_0_M_AXIS_inst/my_receiver/ring_cntr_reg[6]) is unused and will be removed from module EQ_27_band_axi_i2s_receiver_0_0.
INFO: [Synth 8-3332] Sequential element (inst/axi_i2s_receiver_v1_0_M_AXIS_inst/my_receiver/ring_cntr_reg[5]) is unused and will be removed from module EQ_27_band_axi_i2s_receiver_0_0.
INFO: [Synth 8-3332] Sequential element (inst/axi_i2s_receiver_v1_0_M_AXIS_inst/my_receiver/ring_cntr_reg[4]) is unused and will be removed from module EQ_27_band_axi_i2s_receiver_0_0.
INFO: [Synth 8-3332] Sequential element (inst/axi_i2s_receiver_v1_0_M_AXIS_inst/my_receiver/ring_cntr_reg[3]) is unused and will be removed from module EQ_27_band_axi_i2s_receiver_0_0.
INFO: [Synth 8-3332] Sequential element (inst/axi_i2s_receiver_v1_0_M_AXIS_inst/my_receiver/ring_cntr_reg[2]) is unused and will be removed from module EQ_27_band_axi_i2s_receiver_0_0.
INFO: [Synth 8-3332] Sequential element (inst/axi_i2s_receiver_v1_0_M_AXIS_inst/my_receiver/ring_cntr_reg[1]) is unused and will be removed from module EQ_27_band_axi_i2s_receiver_0_0.
INFO: [Synth 8-3332] Sequential element (inst/axi_i2s_receiver_v1_0_M_AXIS_inst/my_receiver/ring_cntr_reg[0]) is unused and will be removed from module EQ_27_band_axi_i2s_receiver_0_0.
INFO: [Synth 8-3332] Sequential element (inst/axi_i2s_receiver_v1_0_M_AXIS_inst/my_receiver/wsd_reg) is unused and will be removed from module EQ_27_band_axi_i2s_receiver_0_0.
INFO: [Synth 8-3332] Sequential element (inst/axi_i2s_receiver_v1_0_M_AXIS_inst/my_receiver/wsdd_reg) is unused and will be removed from module EQ_27_band_axi_i2s_receiver_0_0.
INFO: [Synth 8-3332] Sequential element (inst/axi_i2s_receiver_v1_0_M_AXIS_inst/my_receiver/shift_reg_reg[31]) is unused and will be removed from module EQ_27_band_axi_i2s_receiver_0_0.
INFO: [Synth 8-3332] Sequential element (inst/axi_i2s_receiver_v1_0_M_AXIS_inst/my_receiver/shift_reg_reg[30]) is unused and will be removed from module EQ_27_band_axi_i2s_receiver_0_0.
INFO: [Synth 8-3332] Sequential element (inst/axi_i2s_receiver_v1_0_M_AXIS_inst/my_receiver/shift_reg_reg[29]) is unused and will be removed from module EQ_27_band_axi_i2s_receiver_0_0.
INFO: [Synth 8-3332] Sequential element (inst/axi_i2s_receiver_v1_0_M_AXIS_inst/my_receiver/shift_reg_reg[28]) is unused and will be removed from module EQ_27_band_axi_i2s_receiver_0_0.
INFO: [Synth 8-3332] Sequential element (inst/axi_i2s_receiver_v1_0_M_AXIS_inst/my_receiver/shift_reg_reg[27]) is unused and will be removed from module EQ_27_band_axi_i2s_receiver_0_0.
INFO: [Synth 8-3332] Sequential element (inst/axi_i2s_receiver_v1_0_M_AXIS_inst/my_receiver/shift_reg_reg[26]) is unused and will be removed from module EQ_27_band_axi_i2s_receiver_0_0.
INFO: [Synth 8-3332] Sequential element (inst/axi_i2s_receiver_v1_0_M_AXIS_inst/my_receiver/shift_reg_reg[25]) is unused and will be removed from module EQ_27_band_axi_i2s_receiver_0_0.
INFO: [Synth 8-3332] Sequential element (inst/axi_i2s_receiver_v1_0_M_AXIS_inst/my_receiver/shift_reg_reg[24]) is unused and will be removed from module EQ_27_band_axi_i2s_receiver_0_0.
INFO: [Synth 8-3332] Sequential element (inst/axi_i2s_receiver_v1_0_M_AXIS_inst/my_receiver/shift_reg_reg[23]) is unused and will be removed from module EQ_27_band_axi_i2s_receiver_0_0.
INFO: [Synth 8-3332] Sequential element (inst/axi_i2s_receiver_v1_0_M_AXIS_inst/my_receiver/shift_reg_reg[22]) is unused and will be removed from module EQ_27_band_axi_i2s_receiver_0_0.
INFO: [Synth 8-3332] Sequential element (inst/axi_i2s_receiver_v1_0_M_AXIS_inst/my_receiver/shift_reg_reg[21]) is unused and will be removed from module EQ_27_band_axi_i2s_receiver_0_0.
INFO: [Synth 8-3332] Sequential element (inst/axi_i2s_receiver_v1_0_M_AXIS_inst/my_receiver/shift_reg_reg[20]) is unused and will be removed from module EQ_27_band_axi_i2s_receiver_0_0.
INFO: [Synth 8-3332] Sequential element (inst/axi_i2s_receiver_v1_0_M_AXIS_inst/my_receiver/shift_reg_reg[19]) is unused and will be removed from module EQ_27_band_axi_i2s_receiver_0_0.
INFO: [Synth 8-3332] Sequential element (inst/axi_i2s_receiver_v1_0_M_AXIS_inst/my_receiver/shift_reg_reg[18]) is unused and will be removed from module EQ_27_band_axi_i2s_receiver_0_0.
INFO: [Synth 8-3332] Sequential element (inst/axi_i2s_receiver_v1_0_M_AXIS_inst/my_receiver/shift_reg_reg[17]) is unused and will be removed from module EQ_27_band_axi_i2s_receiver_0_0.
INFO: [Synth 8-3332] Sequential element (inst/axi_i2s_receiver_v1_0_M_AXIS_inst/my_receiver/shift_reg_reg[16]) is unused and will be removed from module EQ_27_band_axi_i2s_receiver_0_0.
INFO: [Synth 8-3332] Sequential element (inst/axi_i2s_receiver_v1_0_M_AXIS_inst/my_receiver/shift_reg_reg[15]) is unused and will be removed from module EQ_27_band_axi_i2s_receiver_0_0.
INFO: [Synth 8-3332] Sequential element (inst/axi_i2s_receiver_v1_0_M_AXIS_inst/my_receiver/shift_reg_reg[14]) is unused and will be removed from module EQ_27_band_axi_i2s_receiver_0_0.
INFO: [Synth 8-3332] Sequential element (inst/axi_i2s_receiver_v1_0_M_AXIS_inst/my_receiver/shift_reg_reg[13]) is unused and will be removed from module EQ_27_band_axi_i2s_receiver_0_0.
INFO: [Synth 8-3332] Sequential element (inst/axi_i2s_receiver_v1_0_M_AXIS_inst/my_receiver/shift_reg_reg[12]) is unused and will be removed from module EQ_27_band_axi_i2s_receiver_0_0.
INFO: [Synth 8-3332] Sequential element (inst/axi_i2s_receiver_v1_0_M_AXIS_inst/my_receiver/shift_reg_reg[11]) is unused and will be removed from module EQ_27_band_axi_i2s_receiver_0_0.
INFO: [Synth 8-3332] Sequential element (inst/axi_i2s_receiver_v1_0_M_AXIS_inst/my_receiver/shift_reg_reg[10]) is unused and will be removed from module EQ_27_band_axi_i2s_receiver_0_0.
INFO: [Synth 8-3332] Sequential element (inst/axi_i2s_receiver_v1_0_M_AXIS_inst/my_receiver/shift_reg_reg[9]) is unused and will be removed from module EQ_27_band_axi_i2s_receiver_0_0.
INFO: [Synth 8-3332] Sequential element (inst/axi_i2s_receiver_v1_0_M_AXIS_inst/my_receiver/shift_reg_reg[8]) is unused and will be removed from module EQ_27_band_axi_i2s_receiver_0_0.
INFO: [Synth 8-3332] Sequential element (inst/axi_i2s_receiver_v1_0_M_AXIS_inst/my_receiver/shift_reg_reg[7]) is unused and will be removed from module EQ_27_band_axi_i2s_receiver_0_0.
INFO: [Synth 8-3332] Sequential element (inst/axi_i2s_receiver_v1_0_M_AXIS_inst/my_receiver/shift_reg_reg[6]) is unused and will be removed from module EQ_27_band_axi_i2s_receiver_0_0.
INFO: [Synth 8-3332] Sequential element (inst/axi_i2s_receiver_v1_0_M_AXIS_inst/my_receiver/shift_reg_reg[5]) is unused and will be removed from module EQ_27_band_axi_i2s_receiver_0_0.
INFO: [Synth 8-3332] Sequential element (inst/axi_i2s_receiver_v1_0_M_AXIS_inst/my_receiver/shift_reg_reg[4]) is unused and will be removed from module EQ_27_band_axi_i2s_receiver_0_0.
INFO: [Synth 8-3332] Sequential element (inst/axi_i2s_receiver_v1_0_M_AXIS_inst/my_receiver/shift_reg_reg[3]) is unused and will be removed from module EQ_27_band_axi_i2s_receiver_0_0.
INFO: [Synth 8-3332] Sequential element (inst/axi_i2s_receiver_v1_0_M_AXIS_inst/my_receiver/shift_reg_reg[2]) is unused and will be removed from module EQ_27_band_axi_i2s_receiver_0_0.
INFO: [Synth 8-3332] Sequential element (inst/axi_i2s_receiver_v1_0_M_AXIS_inst/my_receiver/shift_reg_reg[1]) is unused and will be removed from module EQ_27_band_axi_i2s_receiver_0_0.
INFO: [Synth 8-3332] Sequential element (inst/axi_i2s_receiver_v1_0_M_AXIS_inst/my_receiver/shift_reg_reg[0]) is unused and will be removed from module EQ_27_band_axi_i2s_receiver_0_0.
INFO: [Synth 8-3332] Sequential element (inst/axi_i2s_receiver_v1_0_M_AXIS_inst/my_receiver/data_R_reg[31]) is unused and will be removed from module EQ_27_band_axi_i2s_receiver_0_0.
INFO: [Synth 8-3332] Sequential element (inst/axi_i2s_receiver_v1_0_M_AXIS_inst/my_receiver/data_R_reg[30]) is unused and will be removed from module EQ_27_band_axi_i2s_receiver_0_0.
INFO: [Synth 8-3332] Sequential element (inst/axi_i2s_receiver_v1_0_M_AXIS_inst/my_receiver/data_R_reg[29]) is unused and will be removed from module EQ_27_band_axi_i2s_receiver_0_0.
INFO: [Synth 8-3332] Sequential element (inst/axi_i2s_receiver_v1_0_M_AXIS_inst/my_receiver/data_R_reg[28]) is unused and will be removed from module EQ_27_band_axi_i2s_receiver_0_0.
INFO: [Synth 8-3332] Sequential element (inst/axi_i2s_receiver_v1_0_M_AXIS_inst/my_receiver/data_R_reg[27]) is unused and will be removed from module EQ_27_band_axi_i2s_receiver_0_0.
INFO: [Synth 8-3332] Sequential element (inst/axi_i2s_receiver_v1_0_M_AXIS_inst/my_receiver/data_R_reg[26]) is unused and will be removed from module EQ_27_band_axi_i2s_receiver_0_0.
INFO: [Synth 8-3332] Sequential element (inst/axi_i2s_receiver_v1_0_M_AXIS_inst/my_receiver/data_R_reg[25]) is unused and will be removed from module EQ_27_band_axi_i2s_receiver_0_0.
INFO: [Synth 8-3332] Sequential element (inst/axi_i2s_receiver_v1_0_M_AXIS_inst/my_receiver/data_R_reg[24]) is unused and will be removed from module EQ_27_band_axi_i2s_receiver_0_0.
INFO: [Synth 8-3332] Sequential element (inst/axi_i2s_receiver_v1_0_M_AXIS_inst/my_receiver/data_R_reg[23]) is unused and will be removed from module EQ_27_band_axi_i2s_receiver_0_0.
INFO: [Synth 8-3332] Sequential element (inst/axi_i2s_receiver_v1_0_M_AXIS_inst/my_receiver/data_R_reg[22]) is unused and will be removed from module EQ_27_band_axi_i2s_receiver_0_0.
INFO: [Synth 8-3332] Sequential element (inst/axi_i2s_receiver_v1_0_M_AXIS_inst/my_receiver/data_R_reg[21]) is unused and will be removed from module EQ_27_band_axi_i2s_receiver_0_0.
INFO: [Synth 8-3332] Sequential element (inst/axi_i2s_receiver_v1_0_M_AXIS_inst/my_receiver/data_R_reg[20]) is unused and will be removed from module EQ_27_band_axi_i2s_receiver_0_0.
INFO: [Synth 8-3332] Sequential element (inst/axi_i2s_receiver_v1_0_M_AXIS_inst/my_receiver/data_R_reg[19]) is unused and will be removed from module EQ_27_band_axi_i2s_receiver_0_0.
INFO: [Synth 8-3332] Sequential element (inst/axi_i2s_receiver_v1_0_M_AXIS_inst/my_receiver/data_R_reg[18]) is unused and will be removed from module EQ_27_band_axi_i2s_receiver_0_0.
INFO: [Synth 8-3332] Sequential element (inst/axi_i2s_receiver_v1_0_M_AXIS_inst/my_receiver/data_R_reg[17]) is unused and will be removed from module EQ_27_band_axi_i2s_receiver_0_0.
INFO: [Synth 8-3332] Sequential element (inst/axi_i2s_receiver_v1_0_M_AXIS_inst/my_receiver/data_R_reg[16]) is unused and will be removed from module EQ_27_band_axi_i2s_receiver_0_0.
INFO: [Synth 8-3332] Sequential element (inst/axi_i2s_receiver_v1_0_M_AXIS_inst/my_receiver/data_R_reg[15]) is unused and will be removed from module EQ_27_band_axi_i2s_receiver_0_0.
INFO: [Synth 8-3332] Sequential element (inst/axi_i2s_receiver_v1_0_M_AXIS_inst/my_receiver/data_R_reg[14]) is unused and will be removed from module EQ_27_band_axi_i2s_receiver_0_0.
INFO: [Synth 8-3332] Sequential element (inst/axi_i2s_receiver_v1_0_M_AXIS_inst/my_receiver/data_R_reg[13]) is unused and will be removed from module EQ_27_band_axi_i2s_receiver_0_0.
INFO: [Synth 8-3332] Sequential element (inst/axi_i2s_receiver_v1_0_M_AXIS_inst/my_receiver/data_R_reg[12]) is unused and will be removed from module EQ_27_band_axi_i2s_receiver_0_0.
INFO: [Synth 8-3332] Sequential element (inst/axi_i2s_receiver_v1_0_M_AXIS_inst/my_receiver/data_R_reg[11]) is unused and will be removed from module EQ_27_band_axi_i2s_receiver_0_0.
INFO: [Synth 8-3332] Sequential element (inst/axi_i2s_receiver_v1_0_M_AXIS_inst/my_receiver/data_R_reg[10]) is unused and will be removed from module EQ_27_band_axi_i2s_receiver_0_0.
INFO: [Synth 8-3332] Sequential element (inst/axi_i2s_receiver_v1_0_M_AXIS_inst/my_receiver/data_R_reg[9]) is unused and will be removed from module EQ_27_band_axi_i2s_receiver_0_0.
INFO: [Synth 8-3332] Sequential element (inst/axi_i2s_receiver_v1_0_M_AXIS_inst/my_receiver/data_R_reg[8]) is unused and will be removed from module EQ_27_band_axi_i2s_receiver_0_0.
INFO: [Synth 8-3332] Sequential element (inst/axi_i2s_receiver_v1_0_M_AXIS_inst/my_receiver/data_R_reg[7]) is unused and will be removed from module EQ_27_band_axi_i2s_receiver_0_0.
INFO: [Synth 8-3332] Sequential element (inst/axi_i2s_receiver_v1_0_M_AXIS_inst/my_receiver/data_R_reg[6]) is unused and will be removed from module EQ_27_band_axi_i2s_receiver_0_0.
INFO: [Synth 8-3332] Sequential element (inst/axi_i2s_receiver_v1_0_M_AXIS_inst/my_receiver/data_R_reg[5]) is unused and will be removed from module EQ_27_band_axi_i2s_receiver_0_0.
INFO: [Synth 8-3332] Sequential element (inst/axi_i2s_receiver_v1_0_M_AXIS_inst/my_receiver/data_R_reg[4]) is unused and will be removed from module EQ_27_band_axi_i2s_receiver_0_0.
INFO: [Synth 8-3332] Sequential element (inst/axi_i2s_receiver_v1_0_M_AXIS_inst/my_receiver/data_R_reg[3]) is unused and will be removed from module EQ_27_band_axi_i2s_receiver_0_0.
INFO: [Synth 8-3332] Sequential element (inst/axi_i2s_receiver_v1_0_M_AXIS_inst/my_receiver/data_R_reg[2]) is unused and will be removed from module EQ_27_band_axi_i2s_receiver_0_0.
INFO: [Synth 8-3332] Sequential element (inst/axi_i2s_receiver_v1_0_M_AXIS_inst/my_receiver/data_R_reg[1]) is unused and will be removed from module EQ_27_band_axi_i2s_receiver_0_0.
INFO: [Synth 8-3332] Sequential element (inst/axi_i2s_receiver_v1_0_M_AXIS_inst/my_receiver/data_R_reg[0]) is unused and will be removed from module EQ_27_band_axi_i2s_receiver_0_0.
INFO: [Synth 8-3332] Sequential element (inst/axi_i2s_receiver_v1_0_M_AXIS_inst/my_receiver/data_L_reg[31]) is unused and will be removed from module EQ_27_band_axi_i2s_receiver_0_0.
INFO: [Common 17-14] Message 'Synth 8-3332' appears 100 times and further instances of the messages will be disabled. Use the Tcl command set_msg_config to change the current settings.
---------------------------------------------------------------------------------
Finished Technology Mapping : Time (s): cpu = 00:00:57 ; elapsed = 00:01:02 . Memory (MB): peak = 783.020 ; gain = 524.617
---------------------------------------------------------------------------------

Report RTL Partitions: 
+-+--------------+------------+----------+
| |RTL Partition |Replication |Instances |
+-+--------------+------------+----------+
+-+--------------+------------+----------+
---------------------------------------------------------------------------------
Start IO Insertion
---------------------------------------------------------------------------------
---------------------------------------------------------------------------------
Start Flattening Before IO Insertion
---------------------------------------------------------------------------------
---------------------------------------------------------------------------------
Finished Flattening Before IO Insertion
---------------------------------------------------------------------------------
---------------------------------------------------------------------------------
Start Final Netlist Cleanup
---------------------------------------------------------------------------------
---------------------------------------------------------------------------------
Finished Final Netlist Cleanup
---------------------------------------------------------------------------------
---------------------------------------------------------------------------------
Finished IO Insertion : Time (s): cpu = 00:00:59 ; elapsed = 00:01:04 . Memory (MB): peak = 783.020 ; gain = 524.617
---------------------------------------------------------------------------------

Report Check Netlist: 
+------+------------------+-------+---------+-------+------------------+
|      |Item              |Errors |Warnings |Status |Description       |
+------+------------------+-------+---------+-------+------------------+
|1     |multi_driven_nets |      0|        0|Passed |Multi driven nets |
+------+------------------+-------+---------+-------+------------------+
---------------------------------------------------------------------------------
Start Renaming Generated Instances
---------------------------------------------------------------------------------
---------------------------------------------------------------------------------
Finished Renaming Generated Instances : Time (s): cpu = 00:00:59 ; elapsed = 00:01:04 . Memory (MB): peak = 783.020 ; gain = 524.617
---------------------------------------------------------------------------------

Report RTL Partitions: 
+-+--------------+------------+----------+
| |RTL Partition |Replication |Instances |
+-+--------------+------------+----------+
+-+--------------+------------+----------+
---------------------------------------------------------------------------------
Start Rebuilding User Hierarchy
---------------------------------------------------------------------------------
---------------------------------------------------------------------------------
Finished Rebuilding User Hierarchy : Time (s): cpu = 00:00:59 ; elapsed = 00:01:04 . Memory (MB): peak = 783.020 ; gain = 524.617
---------------------------------------------------------------------------------
---------------------------------------------------------------------------------
Start Renaming Generated Ports
---------------------------------------------------------------------------------
---------------------------------------------------------------------------------
Finished Renaming Generated Ports : Time (s): cpu = 00:00:59 ; elapsed = 00:01:04 . Memory (MB): peak = 783.020 ; gain = 524.617
---------------------------------------------------------------------------------
---------------------------------------------------------------------------------
Start Handling Custom Attributes
---------------------------------------------------------------------------------
---------------------------------------------------------------------------------
Finished Handling Custom Attributes : Time (s): cpu = 00:00:59 ; elapsed = 00:01:04 . Memory (MB): peak = 783.020 ; gain = 524.617
---------------------------------------------------------------------------------
---------------------------------------------------------------------------------
Start Renaming Generated Nets
---------------------------------------------------------------------------------
---------------------------------------------------------------------------------
Finished Renaming Generated Nets : Time (s): cpu = 00:00:59 ; elapsed = 00:01:04 . Memory (MB): peak = 783.020 ; gain = 524.617
---------------------------------------------------------------------------------
---------------------------------------------------------------------------------
Start Writing Synthesis Report
---------------------------------------------------------------------------------

Report BlackBoxes: 
+-+--------------+----------+
| |BlackBox name |Instances |
+-+--------------+----------+
+-+--------------+----------+

Report Cell Usage: 
+------+-----+------+
|      |Cell |Count |
+------+-----+------+
|1     |LUT4 |     1|
|2     |LUT5 |     4|
|3     |LUT6 |     2|
|4     |FDRE |     6|
+------+-----+------+

Report Instance Areas: 
+------+--------------------------------------+-----------------------------+------+
|      |Instance                              |Module                       |Cells |
+------+--------------------------------------+-----------------------------+------+
|1     |top                                   |                             |    13|
|2     |  inst                                |axi_i2s_receiver_v1_0        |    13|
|3     |    axi_i2s_receiver_v1_0_M_AXIS_inst |axi_i2s_receiver_v1_0_M_AXIS |    13|
+------+--------------------------------------+-----------------------------+------+
---------------------------------------------------------------------------------
Finished Writing Synthesis Report : Time (s): cpu = 00:00:59 ; elapsed = 00:01:04 . Memory (MB): peak = 783.020 ; gain = 524.617
---------------------------------------------------------------------------------
Synthesis finished with 0 errors, 0 critical warnings and 1 warnings.
Synthesis Optimization Runtime : Time (s): cpu = 00:00:36 ; elapsed = 00:00:53 . Memory (MB): peak = 783.020 ; gain = 171.949
Synthesis Optimization Complete : Time (s): cpu = 00:00:59 ; elapsed = 00:01:04 . Memory (MB): peak = 783.020 ; gain = 524.617
INFO: [Project 1-571] Translating synthesized netlist
INFO: [Project 1-570] Preparing netlist for logic optimization
INFO: [Opt 31-138] Pushed 0 inverter(s) to 0 load pin(s).
INFO: [Project 1-111] Unisim Transformation Summary:
No Unisim elements were transformed.

INFO: [Common 17-83] Releasing license: Synthesis
124 Infos, 5 Warnings, 0 Critical Warnings and 0 Errors encountered.
synth_design completed successfully
synth_design: Time (s): cpu = 00:01:02 ; elapsed = 00:01:07 . Memory (MB): peak = 785.598 ; gain = 538.852
INFO: [Common 17-1381] The checkpoint 'C:/Zynq_Book/EQ_27_band/EQ_27_band.runs/EQ_27_band_axi_i2s_receiver_0_0_synth_1/EQ_27_band_axi_i2s_receiver_0_0.dcp' has been generated.
