
*** Running vivado
    with args -log EQ_27_band_axi_i2s_transmitter_0_0.vds -m64 -product Vivado -mode batch -messageDb vivado.pb -notrace -source EQ_27_band_axi_i2s_transmitter_0_0.tcl


****** Vivado v2017.4 (64-bit)
  **** SW Build 2086221 on Fri Dec 15 20:55:39 MST 2017
  **** IP Build 2085800 on Fri Dec 15 22:25:07 MST 2017
    ** Copyright 1986-2017 Xilinx, Inc. All Rights Reserved.

source EQ_27_band_axi_i2s_transmitter_0_0.tcl -notrace
Command: synth_design -top EQ_27_band_axi_i2s_transmitter_0_0 -part xc7z020clg484-1 -mode out_of_context
Starting synth_design
INFO: [IP_Flow 19-2162] IP 'EQ_27_band_axi_i2s_transmitter_0_0' is locked:
* IP definition 'axi_i2s_transmitter_v1_0 (1.0)' for IP 'EQ_27_band_axi_i2s_transmitter_0_0' (customized with software release 2017.4) has a different revision in the IP Catalog.
Please select 'Report IP Status' from the 'Tools/Report' menu or run Tcl command 'report_ip_status' for more information.
Attempting to get a license for feature 'Synthesis' and/or device 'xc7z020'
INFO: [Common 17-349] Got license for feature 'Synthesis' and/or device 'xc7z020'
INFO: Launching helper process for spawning children vivado processes
INFO: Helper process launched with PID 3436 
WARNING: [Synth 8-2507] parameter declaration becomes local in audio_transmitter_S_AXIS with formal parameter declaration list [c:/Zynq_Book/EQ_27_band/EQ_27_band.srcs/sources_1/bd/EQ_27_band/ipshared/158c/src/audio_transmitter_S_AXIS.v:71]
---------------------------------------------------------------------------------
Starting RTL Elaboration : Time (s): cpu = 00:00:05 ; elapsed = 00:00:06 . Memory (MB): peak = 369.730 ; gain = 109.043
---------------------------------------------------------------------------------
INFO: [Synth 8-638] synthesizing module 'EQ_27_band_axi_i2s_transmitter_0_0' [c:/Zynq_Book/EQ_27_band/EQ_27_band.srcs/sources_1/bd/EQ_27_band/ip/EQ_27_band_axi_i2s_transmitter_0_0/synth/EQ_27_band_axi_i2s_transmitter_0_0.v:56]
INFO: [Synth 8-638] synthesizing module 'axi_i2s_transmitter' [c:/Zynq_Book/EQ_27_band/EQ_27_band.srcs/sources_1/bd/EQ_27_band/ipshared/158c/src/axi_i2s_transmitter.v:4]
	Parameter C_S_AXIS_TDATA_WIDTH bound to: 32 - type: integer 
INFO: [Synth 8-638] synthesizing module 'audio_transmitter_S_AXIS' [c:/Zynq_Book/EQ_27_band/EQ_27_band.srcs/sources_1/bd/EQ_27_band/ipshared/158c/src/audio_transmitter_S_AXIS.v:4]
	Parameter C_S_AXIS_TDATA_WIDTH bound to: 32 - type: integer 
	Parameter NUMBER_OF_INPUT_WORDS bound to: 8 - type: integer 
	Parameter bit_num bound to: 3 - type: integer 
	Parameter IDLE bound to: 2'b00 
	Parameter WRITE_FIFO bound to: 2'b01 
INFO: [Synth 8-638] synthesizing module 'i2s_transmitter' [c:/Zynq_Book/EQ_27_band/EQ_27_band.srcs/sources_1/bd/EQ_27_band/ipshared/158c/src/i2s_transmitter.v:9]
	Parameter SR_WIDTH bound to: 32 - type: integer 
WARNING: [Synth 8-6014] Unused sequential element wsdd_reg was removed.  [c:/Zynq_Book/EQ_27_band/EQ_27_band.srcs/sources_1/bd/EQ_27_band/ipshared/158c/src/i2s_transmitter.v:22]
INFO: [Synth 8-4471] merging register 'wsd_reg' into 'Y_reg' [c:/Zynq_Book/EQ_27_band/EQ_27_band.srcs/sources_1/bd/EQ_27_band/ipshared/158c/src/i2s_transmitter.v:22]
WARNING: [Synth 8-6014] Unused sequential element wsd_reg was removed.  [c:/Zynq_Book/EQ_27_band/EQ_27_band.srcs/sources_1/bd/EQ_27_band/ipshared/158c/src/i2s_transmitter.v:22]
INFO: [Synth 8-256] done synthesizing module 'i2s_transmitter' (1#1) [c:/Zynq_Book/EQ_27_band/EQ_27_band.srcs/sources_1/bd/EQ_27_band/ipshared/158c/src/i2s_transmitter.v:9]
INFO: [Synth 8-256] done synthesizing module 'audio_transmitter_S_AXIS' (2#1) [c:/Zynq_Book/EQ_27_band/EQ_27_band.srcs/sources_1/bd/EQ_27_band/ipshared/158c/src/audio_transmitter_S_AXIS.v:4]
INFO: [Synth 8-256] done synthesizing module 'axi_i2s_transmitter' (3#1) [c:/Zynq_Book/EQ_27_band/EQ_27_band.srcs/sources_1/bd/EQ_27_band/ipshared/158c/src/axi_i2s_transmitter.v:4]
WARNING: [Synth 8-3848] Net bclk in module/entity EQ_27_band_axi_i2s_transmitter_0_0 does not have driver. [c:/Zynq_Book/EQ_27_band/EQ_27_band.srcs/sources_1/bd/EQ_27_band/ip/EQ_27_band_axi_i2s_transmitter_0_0/synth/EQ_27_band_axi_i2s_transmitter_0_0.v:69]
WARNING: [Synth 8-3848] Net lrclk in module/entity EQ_27_band_axi_i2s_transmitter_0_0 does not have driver. [c:/Zynq_Book/EQ_27_band/EQ_27_band.srcs/sources_1/bd/EQ_27_band/ip/EQ_27_band_axi_i2s_transmitter_0_0/synth/EQ_27_band_axi_i2s_transmitter_0_0.v:70]
INFO: [Synth 8-256] done synthesizing module 'EQ_27_band_axi_i2s_transmitter_0_0' (4#1) [c:/Zynq_Book/EQ_27_band/EQ_27_band.srcs/sources_1/bd/EQ_27_band/ip/EQ_27_band_axi_i2s_transmitter_0_0/synth/EQ_27_band_axi_i2s_transmitter_0_0.v:56]
WARNING: [Synth 8-3331] design audio_transmitter_S_AXIS has unconnected port S_AXIS_TSTRB[3]
WARNING: [Synth 8-3331] design audio_transmitter_S_AXIS has unconnected port S_AXIS_TSTRB[2]
WARNING: [Synth 8-3331] design audio_transmitter_S_AXIS has unconnected port S_AXIS_TSTRB[1]
WARNING: [Synth 8-3331] design audio_transmitter_S_AXIS has unconnected port S_AXIS_TSTRB[0]
---------------------------------------------------------------------------------
Finished RTL Elaboration : Time (s): cpu = 00:00:06 ; elapsed = 00:00:08 . Memory (MB): peak = 398.758 ; gain = 138.070
---------------------------------------------------------------------------------

Report Check Netlist: 
+------+------------------+-------+---------+-------+------------------+
|      |Item              |Errors |Warnings |Status |Description       |
+------+------------------+-------+---------+-------+------------------+
|1     |multi_driven_nets |      0|        0|Passed |Multi driven nets |
+------+------------------+-------+---------+-------+------------------+
INFO: [Synth 8-3295] tying undriven pin inst:bclk to constant 0 [c:/Zynq_Book/EQ_27_band/EQ_27_band.srcs/sources_1/bd/EQ_27_band/ip/EQ_27_band_axi_i2s_transmitter_0_0/synth/EQ_27_band_axi_i2s_transmitter_0_0.v:92]
INFO: [Synth 8-3295] tying undriven pin inst:lrclk to constant 0 [c:/Zynq_Book/EQ_27_band/EQ_27_band.srcs/sources_1/bd/EQ_27_band/ip/EQ_27_band_axi_i2s_transmitter_0_0/synth/EQ_27_band_axi_i2s_transmitter_0_0.v:92]
---------------------------------------------------------------------------------
Finished RTL Optimization Phase 1 : Time (s): cpu = 00:00:06 ; elapsed = 00:00:08 . Memory (MB): peak = 398.758 ; gain = 138.070
---------------------------------------------------------------------------------
INFO: [Device 21-403] Loading part xc7z020clg484-1
INFO: [Project 1-570] Preparing netlist for logic optimization

Processing XDC Constraints
Initializing timing engine
Completed Processing XDC Constraints

INFO: [Project 1-111] Unisim Transformation Summary:
No Unisim elements were transformed.

Constraint Validation Runtime : Time (s): cpu = 00:00:00 ; elapsed = 00:00:00.009 . Memory (MB): peak = 750.992 ; gain = 0.000
---------------------------------------------------------------------------------
Finished Constraint Validation : Time (s): cpu = 00:00:18 ; elapsed = 00:00:21 . Memory (MB): peak = 750.992 ; gain = 490.305
---------------------------------------------------------------------------------
---------------------------------------------------------------------------------
Start Loading Part and Timing Information
---------------------------------------------------------------------------------
Loading part: xc7z020clg484-1
---------------------------------------------------------------------------------
Finished Loading Part and Timing Information : Time (s): cpu = 00:00:18 ; elapsed = 00:00:21 . Memory (MB): peak = 750.992 ; gain = 490.305
---------------------------------------------------------------------------------
---------------------------------------------------------------------------------
Start Applying 'set_property' XDC Constraints
---------------------------------------------------------------------------------
---------------------------------------------------------------------------------
Finished applying 'set_property' XDC Constraints : Time (s): cpu = 00:00:18 ; elapsed = 00:00:21 . Memory (MB): peak = 750.992 ; gain = 490.305
---------------------------------------------------------------------------------
---------------------------------------------------------------------------------
Finished RTL Optimization Phase 2 : Time (s): cpu = 00:00:18 ; elapsed = 00:00:21 . Memory (MB): peak = 750.992 ; gain = 490.305
---------------------------------------------------------------------------------

Report RTL Partitions: 
+-+--------------+------------+----------+
| |RTL Partition |Replication |Instances |
+-+--------------+------------+----------+
+-+--------------+------------+----------+
---------------------------------------------------------------------------------
Start RTL Component Statistics 
---------------------------------------------------------------------------------
Detailed RTL Component Info : 
+---XORs : 
	   2 Input      1 Bit         XORs := 2     
+---Registers : 
	               32 Bit    Registers := 2     
	                1 Bit    Registers := 7     
+---Muxes : 
	   2 Input     32 Bit        Muxes := 2     
	   2 Input      1 Bit        Muxes := 1     
---------------------------------------------------------------------------------
Finished RTL Component Statistics 
---------------------------------------------------------------------------------
---------------------------------------------------------------------------------
Start RTL Hierarchical Component Statistics 
---------------------------------------------------------------------------------
Hierarchical RTL Component report 
Module i2s_transmitter 
Detailed RTL Component Info : 
+---XORs : 
	   2 Input      1 Bit         XORs := 1     
+---Registers : 
	                1 Bit    Registers := 2     
+---Muxes : 
	   2 Input     32 Bit        Muxes := 2     
Module audio_transmitter_S_AXIS 
Detailed RTL Component Info : 
+---XORs : 
	   2 Input      1 Bit         XORs := 1     
+---Registers : 
	               32 Bit    Registers := 2     
	                1 Bit    Registers := 5     
+---Muxes : 
	   2 Input      1 Bit        Muxes := 1     
---------------------------------------------------------------------------------
Finished RTL Hierarchical Component Statistics
---------------------------------------------------------------------------------
---------------------------------------------------------------------------------
Start Part Resource Summary
---------------------------------------------------------------------------------
Part Resources:
DSPs: 220 (col length:60)
BRAMs: 280 (col length: RAMB18 60 RAMB36 30)
---------------------------------------------------------------------------------
Finished Part Resource Summary
---------------------------------------------------------------------------------
---------------------------------------------------------------------------------
Start Cross Boundary and Area Optimization
---------------------------------------------------------------------------------
WARNING: [Synth 8-3331] design EQ_27_band_axi_i2s_transmitter_0_0 has unconnected port s_axis_tstrb[3]
WARNING: [Synth 8-3331] design EQ_27_band_axi_i2s_transmitter_0_0 has unconnected port s_axis_tstrb[2]
WARNING: [Synth 8-3331] design EQ_27_band_axi_i2s_transmitter_0_0 has unconnected port s_axis_tstrb[1]
WARNING: [Synth 8-3331] design EQ_27_band_axi_i2s_transmitter_0_0 has unconnected port s_axis_tstrb[0]
INFO: [Synth 8-3333] propagating constant 0 across sequential element (\inst/audio_transmitter_S_AXIS_inst/Y_reg )
INFO: [Synth 8-3333] propagating constant 0 across sequential element (\inst/audio_transmitter_S_AXIS_inst/my_xmitter/Y_reg )
INFO: [Synth 8-3886] merging instance 'inst/audio_transmitter_S_AXIS_inst/my_xmitter/lrclk_changed_delay_reg' (FD) to 'inst/audio_transmitter_S_AXIS_inst/my_xmitter/Y_reg'
INFO: [Synth 8-3333] propagating constant 0 across sequential element (\inst/audio_transmitter_S_AXIS_inst/my_xmitter/Y_reg )
INFO: [Synth 8-3332] Sequential element (inst/audio_transmitter_S_AXIS_inst/my_xmitter/shift_reg_reg[31]) is unused and will be removed from module EQ_27_band_axi_i2s_transmitter_0_0.
INFO: [Synth 8-3332] Sequential element (inst/audio_transmitter_S_AXIS_inst/my_xmitter/shift_reg_reg[30]) is unused and will be removed from module EQ_27_band_axi_i2s_transmitter_0_0.
INFO: [Synth 8-3332] Sequential element (inst/audio_transmitter_S_AXIS_inst/my_xmitter/shift_reg_reg[29]) is unused and will be removed from module EQ_27_band_axi_i2s_transmitter_0_0.
INFO: [Synth 8-3332] Sequential element (inst/audio_transmitter_S_AXIS_inst/my_xmitter/shift_reg_reg[28]) is unused and will be removed from module EQ_27_band_axi_i2s_transmitter_0_0.
INFO: [Synth 8-3332] Sequential element (inst/audio_transmitter_S_AXIS_inst/my_xmitter/shift_reg_reg[27]) is unused and will be removed from module EQ_27_band_axi_i2s_transmitter_0_0.
INFO: [Synth 8-3332] Sequential element (inst/audio_transmitter_S_AXIS_inst/my_xmitter/shift_reg_reg[26]) is unused and will be removed from module EQ_27_band_axi_i2s_transmitter_0_0.
INFO: [Synth 8-3332] Sequential element (inst/audio_transmitter_S_AXIS_inst/my_xmitter/shift_reg_reg[25]) is unused and will be removed from module EQ_27_band_axi_i2s_transmitter_0_0.
INFO: [Synth 8-3332] Sequential element (inst/audio_transmitter_S_AXIS_inst/my_xmitter/shift_reg_reg[24]) is unused and will be removed from module EQ_27_band_axi_i2s_transmitter_0_0.
INFO: [Synth 8-3332] Sequential element (inst/audio_transmitter_S_AXIS_inst/my_xmitter/shift_reg_reg[23]) is unused and will be removed from module EQ_27_band_axi_i2s_transmitter_0_0.
INFO: [Synth 8-3332] Sequential element (inst/audio_transmitter_S_AXIS_inst/my_xmitter/shift_reg_reg[22]) is unused and will be removed from module EQ_27_band_axi_i2s_transmitter_0_0.
INFO: [Synth 8-3332] Sequential element (inst/audio_transmitter_S_AXIS_inst/my_xmitter/shift_reg_reg[21]) is unused and will be removed from module EQ_27_band_axi_i2s_transmitter_0_0.
INFO: [Synth 8-3332] Sequential element (inst/audio_transmitter_S_AXIS_inst/my_xmitter/shift_reg_reg[20]) is unused and will be removed from module EQ_27_band_axi_i2s_transmitter_0_0.
INFO: [Synth 8-3332] Sequential element (inst/audio_transmitter_S_AXIS_inst/my_xmitter/shift_reg_reg[19]) is unused and will be removed from module EQ_27_band_axi_i2s_transmitter_0_0.
INFO: [Synth 8-3332] Sequential element (inst/audio_transmitter_S_AXIS_inst/my_xmitter/shift_reg_reg[18]) is unused and will be removed from module EQ_27_band_axi_i2s_transmitter_0_0.
INFO: [Synth 8-3332] Sequential element (inst/audio_transmitter_S_AXIS_inst/my_xmitter/shift_reg_reg[17]) is unused and will be removed from module EQ_27_band_axi_i2s_transmitter_0_0.
INFO: [Synth 8-3332] Sequential element (inst/audio_transmitter_S_AXIS_inst/my_xmitter/shift_reg_reg[16]) is unused and will be removed from module EQ_27_band_axi_i2s_transmitter_0_0.
INFO: [Synth 8-3332] Sequential element (inst/audio_transmitter_S_AXIS_inst/my_xmitter/shift_reg_reg[15]) is unused and will be removed from module EQ_27_band_axi_i2s_transmitter_0_0.
INFO: [Synth 8-3332] Sequential element (inst/audio_transmitter_S_AXIS_inst/my_xmitter/shift_reg_reg[14]) is unused and will be removed from module EQ_27_band_axi_i2s_transmitter_0_0.
INFO: [Synth 8-3332] Sequential element (inst/audio_transmitter_S_AXIS_inst/my_xmitter/shift_reg_reg[13]) is unused and will be removed from module EQ_27_band_axi_i2s_transmitter_0_0.
INFO: [Synth 8-3332] Sequential element (inst/audio_transmitter_S_AXIS_inst/my_xmitter/shift_reg_reg[12]) is unused and will be removed from module EQ_27_band_axi_i2s_transmitter_0_0.
INFO: [Synth 8-3332] Sequential element (inst/audio_transmitter_S_AXIS_inst/my_xmitter/shift_reg_reg[11]) is unused and will be removed from module EQ_27_band_axi_i2s_transmitter_0_0.
INFO: [Synth 8-3332] Sequential element (inst/audio_transmitter_S_AXIS_inst/my_xmitter/shift_reg_reg[10]) is unused and will be removed from module EQ_27_band_axi_i2s_transmitter_0_0.
INFO: [Synth 8-3332] Sequential element (inst/audio_transmitter_S_AXIS_inst/my_xmitter/shift_reg_reg[9]) is unused and will be removed from module EQ_27_band_axi_i2s_transmitter_0_0.
INFO: [Synth 8-3332] Sequential element (inst/audio_transmitter_S_AXIS_inst/my_xmitter/shift_reg_reg[8]) is unused and will be removed from module EQ_27_band_axi_i2s_transmitter_0_0.
INFO: [Synth 8-3332] Sequential element (inst/audio_transmitter_S_AXIS_inst/my_xmitter/shift_reg_reg[7]) is unused and will be removed from module EQ_27_band_axi_i2s_transmitter_0_0.
INFO: [Synth 8-3332] Sequential element (inst/audio_transmitter_S_AXIS_inst/my_xmitter/shift_reg_reg[6]) is unused and will be removed from module EQ_27_band_axi_i2s_transmitter_0_0.
INFO: [Synth 8-3332] Sequential element (inst/audio_transmitter_S_AXIS_inst/my_xmitter/shift_reg_reg[5]) is unused and will be removed from module EQ_27_band_axi_i2s_transmitter_0_0.
INFO: [Synth 8-3332] Sequential element (inst/audio_transmitter_S_AXIS_inst/my_xmitter/shift_reg_reg[4]) is unused and will be removed from module EQ_27_band_axi_i2s_transmitter_0_0.
INFO: [Synth 8-3332] Sequential element (inst/audio_transmitter_S_AXIS_inst/my_xmitter/shift_reg_reg[3]) is unused and will be removed from module EQ_27_band_axi_i2s_transmitter_0_0.
INFO: [Synth 8-3332] Sequential element (inst/audio_transmitter_S_AXIS_inst/my_xmitter/shift_reg_reg[2]) is unused and will be removed from module EQ_27_band_axi_i2s_transmitter_0_0.
INFO: [Synth 8-3332] Sequential element (inst/audio_transmitter_S_AXIS_inst/my_xmitter/shift_reg_reg[1]) is unused and will be removed from module EQ_27_band_axi_i2s_transmitter_0_0.
INFO: [Synth 8-3332] Sequential element (inst/audio_transmitter_S_AXIS_inst/my_xmitter/shift_reg_reg[0]) is unused and will be removed from module EQ_27_band_axi_i2s_transmitter_0_0.
INFO: [Synth 8-3332] Sequential element (inst/audio_transmitter_S_AXIS_inst/my_xmitter/Y_reg) is unused and will be removed from module EQ_27_band_axi_i2s_transmitter_0_0.
INFO: [Synth 8-3332] Sequential element (inst/audio_transmitter_S_AXIS_inst/data_L_reg[31]) is unused and will be removed from module EQ_27_band_axi_i2s_transmitter_0_0.
INFO: [Synth 8-3332] Sequential element (inst/audio_transmitter_S_AXIS_inst/data_L_reg[30]) is unused and will be removed from module EQ_27_band_axi_i2s_transmitter_0_0.
INFO: [Synth 8-3332] Sequential element (inst/audio_transmitter_S_AXIS_inst/data_L_reg[29]) is unused and will be removed from module EQ_27_band_axi_i2s_transmitter_0_0.
INFO: [Synth 8-3332] Sequential element (inst/audio_transmitter_S_AXIS_inst/data_L_reg[28]) is unused and will be removed from module EQ_27_band_axi_i2s_transmitter_0_0.
INFO: [Synth 8-3332] Sequential element (inst/audio_transmitter_S_AXIS_inst/data_L_reg[27]) is unused and will be removed from module EQ_27_band_axi_i2s_transmitter_0_0.
INFO: [Synth 8-3332] Sequential element (inst/audio_transmitter_S_AXIS_inst/data_L_reg[26]) is unused and will be removed from module EQ_27_band_axi_i2s_transmitter_0_0.
INFO: [Synth 8-3332] Sequential element (inst/audio_transmitter_S_AXIS_inst/data_L_reg[25]) is unused and will be removed from module EQ_27_band_axi_i2s_transmitter_0_0.
INFO: [Synth 8-3332] Sequential element (inst/audio_transmitter_S_AXIS_inst/data_L_reg[24]) is unused and will be removed from module EQ_27_band_axi_i2s_transmitter_0_0.
INFO: [Synth 8-3332] Sequential element (inst/audio_transmitter_S_AXIS_inst/data_L_reg[23]) is unused and will be removed from module EQ_27_band_axi_i2s_transmitter_0_0.
INFO: [Synth 8-3332] Sequential element (inst/audio_transmitter_S_AXIS_inst/data_L_reg[22]) is unused and will be removed from module EQ_27_band_axi_i2s_transmitter_0_0.
INFO: [Synth 8-3332] Sequential element (inst/audio_transmitter_S_AXIS_inst/data_L_reg[21]) is unused and will be removed from module EQ_27_band_axi_i2s_transmitter_0_0.
INFO: [Synth 8-3332] Sequential element (inst/audio_transmitter_S_AXIS_inst/data_L_reg[20]) is unused and will be removed from module EQ_27_band_axi_i2s_transmitter_0_0.
INFO: [Synth 8-3332] Sequential element (inst/audio_transmitter_S_AXIS_inst/data_L_reg[19]) is unused and will be removed from module EQ_27_band_axi_i2s_transmitter_0_0.
INFO: [Synth 8-3332] Sequential element (inst/audio_transmitter_S_AXIS_inst/data_L_reg[18]) is unused and will be removed from module EQ_27_band_axi_i2s_transmitter_0_0.
INFO: [Synth 8-3332] Sequential element (inst/audio_transmitter_S_AXIS_inst/data_L_reg[17]) is unused and will be removed from module EQ_27_band_axi_i2s_transmitter_0_0.
INFO: [Synth 8-3332] Sequential element (inst/audio_transmitter_S_AXIS_inst/data_L_reg[16]) is unused and will be removed from module EQ_27_band_axi_i2s_transmitter_0_0.
INFO: [Synth 8-3332] Sequential element (inst/audio_transmitter_S_AXIS_inst/data_L_reg[15]) is unused and will be removed from module EQ_27_band_axi_i2s_transmitter_0_0.
INFO: [Synth 8-3332] Sequential element (inst/audio_transmitter_S_AXIS_inst/data_L_reg[14]) is unused and will be removed from module EQ_27_band_axi_i2s_transmitter_0_0.
INFO: [Synth 8-3332] Sequential element (inst/audio_transmitter_S_AXIS_inst/data_L_reg[13]) is unused and will be removed from module EQ_27_band_axi_i2s_transmitter_0_0.
INFO: [Synth 8-3332] Sequential element (inst/audio_transmitter_S_AXIS_inst/data_L_reg[12]) is unused and will be removed from module EQ_27_band_axi_i2s_transmitter_0_0.
INFO: [Synth 8-3332] Sequential element (inst/audio_transmitter_S_AXIS_inst/data_L_reg[11]) is unused and will be removed from module EQ_27_band_axi_i2s_transmitter_0_0.
INFO: [Synth 8-3332] Sequential element (inst/audio_transmitter_S_AXIS_inst/data_L_reg[10]) is unused and will be removed from module EQ_27_band_axi_i2s_transmitter_0_0.
INFO: [Synth 8-3332] Sequential element (inst/audio_transmitter_S_AXIS_inst/data_L_reg[9]) is unused and will be removed from module EQ_27_band_axi_i2s_transmitter_0_0.
INFO: [Synth 8-3332] Sequential element (inst/audio_transmitter_S_AXIS_inst/data_L_reg[8]) is unused and will be removed from module EQ_27_band_axi_i2s_transmitter_0_0.
INFO: [Synth 8-3332] Sequential element (inst/audio_transmitter_S_AXIS_inst/data_L_reg[7]) is unused and will be removed from module EQ_27_band_axi_i2s_transmitter_0_0.
INFO: [Synth 8-3332] Sequential element (inst/audio_transmitter_S_AXIS_inst/data_L_reg[6]) is unused and will be removed from module EQ_27_band_axi_i2s_transmitter_0_0.
INFO: [Synth 8-3332] Sequential element (inst/audio_transmitter_S_AXIS_inst/data_L_reg[5]) is unused and will be removed from module EQ_27_band_axi_i2s_transmitter_0_0.
INFO: [Synth 8-3332] Sequential element (inst/audio_transmitter_S_AXIS_inst/data_L_reg[4]) is unused and will be removed from module EQ_27_band_axi_i2s_transmitter_0_0.
INFO: [Synth 8-3332] Sequential element (inst/audio_transmitter_S_AXIS_inst/data_L_reg[3]) is unused and will be removed from module EQ_27_band_axi_i2s_transmitter_0_0.
INFO: [Synth 8-3332] Sequential element (inst/audio_transmitter_S_AXIS_inst/data_L_reg[2]) is unused and will be removed from module EQ_27_band_axi_i2s_transmitter_0_0.
INFO: [Synth 8-3332] Sequential element (inst/audio_transmitter_S_AXIS_inst/data_L_reg[1]) is unused and will be removed from module EQ_27_band_axi_i2s_transmitter_0_0.
INFO: [Synth 8-3332] Sequential element (inst/audio_transmitter_S_AXIS_inst/data_L_reg[0]) is unused and will be removed from module EQ_27_band_axi_i2s_transmitter_0_0.
INFO: [Synth 8-3332] Sequential element (inst/audio_transmitter_S_AXIS_inst/data_R_reg[31]) is unused and will be removed from module EQ_27_band_axi_i2s_transmitter_0_0.
INFO: [Synth 8-3332] Sequential element (inst/audio_transmitter_S_AXIS_inst/data_R_reg[30]) is unused and will be removed from module EQ_27_band_axi_i2s_transmitter_0_0.
INFO: [Synth 8-3332] Sequential element (inst/audio_transmitter_S_AXIS_inst/data_R_reg[29]) is unused and will be removed from module EQ_27_band_axi_i2s_transmitter_0_0.
INFO: [Synth 8-3332] Sequential element (inst/audio_transmitter_S_AXIS_inst/data_R_reg[28]) is unused and will be removed from module EQ_27_band_axi_i2s_transmitter_0_0.
INFO: [Synth 8-3332] Sequential element (inst/audio_transmitter_S_AXIS_inst/data_R_reg[27]) is unused and will be removed from module EQ_27_band_axi_i2s_transmitter_0_0.
INFO: [Synth 8-3332] Sequential element (inst/audio_transmitter_S_AXIS_inst/data_R_reg[26]) is unused and will be removed from module EQ_27_band_axi_i2s_transmitter_0_0.
INFO: [Synth 8-3332] Sequential element (inst/audio_transmitter_S_AXIS_inst/data_R_reg[25]) is unused and will be removed from module EQ_27_band_axi_i2s_transmitter_0_0.
INFO: [Synth 8-3332] Sequential element (inst/audio_transmitter_S_AXIS_inst/data_R_reg[24]) is unused and will be removed from module EQ_27_band_axi_i2s_transmitter_0_0.
INFO: [Synth 8-3332] Sequential element (inst/audio_transmitter_S_AXIS_inst/data_R_reg[23]) is unused and will be removed from module EQ_27_band_axi_i2s_transmitter_0_0.
INFO: [Synth 8-3332] Sequential element (inst/audio_transmitter_S_AXIS_inst/data_R_reg[22]) is unused and will be removed from module EQ_27_band_axi_i2s_transmitter_0_0.
INFO: [Synth 8-3332] Sequential element (inst/audio_transmitter_S_AXIS_inst/data_R_reg[21]) is unused and will be removed from module EQ_27_band_axi_i2s_transmitter_0_0.
INFO: [Synth 8-3332] Sequential element (inst/audio_transmitter_S_AXIS_inst/data_R_reg[20]) is unused and will be removed from module EQ_27_band_axi_i2s_transmitter_0_0.
INFO: [Synth 8-3332] Sequential element (inst/audio_transmitter_S_AXIS_inst/data_R_reg[19]) is unused and will be removed from module EQ_27_band_axi_i2s_transmitter_0_0.
INFO: [Synth 8-3332] Sequential element (inst/audio_transmitter_S_AXIS_inst/data_R_reg[18]) is unused and will be removed from module EQ_27_band_axi_i2s_transmitter_0_0.
INFO: [Synth 8-3332] Sequential element (inst/audio_transmitter_S_AXIS_inst/data_R_reg[17]) is unused and will be removed from module EQ_27_band_axi_i2s_transmitter_0_0.
INFO: [Synth 8-3332] Sequential element (inst/audio_transmitter_S_AXIS_inst/data_R_reg[16]) is unused and will be removed from module EQ_27_band_axi_i2s_transmitter_0_0.
INFO: [Synth 8-3332] Sequential element (inst/audio_transmitter_S_AXIS_inst/data_R_reg[15]) is unused and will be removed from module EQ_27_band_axi_i2s_transmitter_0_0.
INFO: [Synth 8-3332] Sequential element (inst/audio_transmitter_S_AXIS_inst/data_R_reg[14]) is unused and will be removed from module EQ_27_band_axi_i2s_transmitter_0_0.
INFO: [Synth 8-3332] Sequential element (inst/audio_transmitter_S_AXIS_inst/data_R_reg[13]) is unused and will be removed from module EQ_27_band_axi_i2s_transmitter_0_0.
INFO: [Synth 8-3332] Sequential element (inst/audio_transmitter_S_AXIS_inst/data_R_reg[12]) is unused and will be removed from module EQ_27_band_axi_i2s_transmitter_0_0.
INFO: [Synth 8-3332] Sequential element (inst/audio_transmitter_S_AXIS_inst/data_R_reg[11]) is unused and will be removed from module EQ_27_band_axi_i2s_transmitter_0_0.
INFO: [Synth 8-3332] Sequential element (inst/audio_transmitter_S_AXIS_inst/data_R_reg[10]) is unused and will be removed from module EQ_27_band_axi_i2s_transmitter_0_0.
INFO: [Synth 8-3332] Sequential element (inst/audio_transmitter_S_AXIS_inst/data_R_reg[9]) is unused and will be removed from module EQ_27_band_axi_i2s_transmitter_0_0.
INFO: [Synth 8-3332] Sequential element (inst/audio_transmitter_S_AXIS_inst/data_R_reg[8]) is unused and will be removed from module EQ_27_band_axi_i2s_transmitter_0_0.
INFO: [Synth 8-3332] Sequential element (inst/audio_transmitter_S_AXIS_inst/data_R_reg[7]) is unused and will be removed from module EQ_27_band_axi_i2s_transmitter_0_0.
INFO: [Synth 8-3332] Sequential element (inst/audio_transmitter_S_AXIS_inst/data_R_reg[6]) is unused and will be removed from module EQ_27_band_axi_i2s_transmitter_0_0.
INFO: [Synth 8-3332] Sequential element (inst/audio_transmitter_S_AXIS_inst/data_R_reg[5]) is unused and will be removed from module EQ_27_band_axi_i2s_transmitter_0_0.
INFO: [Synth 8-3332] Sequential element (inst/audio_transmitter_S_AXIS_inst/data_R_reg[4]) is unused and will be removed from module EQ_27_band_axi_i2s_transmitter_0_0.
INFO: [Synth 8-3332] Sequential element (inst/audio_transmitter_S_AXIS_inst/data_R_reg[3]) is unused and will be removed from module EQ_27_band_axi_i2s_transmitter_0_0.
INFO: [Synth 8-3332] Sequential element (inst/audio_transmitter_S_AXIS_inst/data_R_reg[2]) is unused and will be removed from module EQ_27_band_axi_i2s_transmitter_0_0.
INFO: [Synth 8-3332] Sequential element (inst/audio_transmitter_S_AXIS_inst/data_R_reg[1]) is unused and will be removed from module EQ_27_band_axi_i2s_transmitter_0_0.
INFO: [Synth 8-3332] Sequential element (inst/audio_transmitter_S_AXIS_inst/data_R_reg[0]) is unused and will be removed from module EQ_27_band_axi_i2s_transmitter_0_0.
INFO: [Synth 8-3332] Sequential element (inst/audio_transmitter_S_AXIS_inst/Y_reg) is unused and will be removed from module EQ_27_band_axi_i2s_transmitter_0_0.
---------------------------------------------------------------------------------
Finished Cross Boundary and Area Optimization : Time (s): cpu = 00:00:19 ; elapsed = 00:00:22 . Memory (MB): peak = 750.992 ; gain = 490.305
---------------------------------------------------------------------------------

Report RTL Partitions: 
+-+--------------+------------+----------+
| |RTL Partition |Replication |Instances |
+-+--------------+------------+----------+
+-+--------------+------------+----------+
---------------------------------------------------------------------------------
Start Applying XDC Timing Constraints
---------------------------------------------------------------------------------
---------------------------------------------------------------------------------
Finished Applying XDC Timing Constraints : Time (s): cpu = 00:00:30 ; elapsed = 00:00:33 . Memory (MB): peak = 761.559 ; gain = 500.871
---------------------------------------------------------------------------------
---------------------------------------------------------------------------------
Start Timing Optimization
---------------------------------------------------------------------------------
---------------------------------------------------------------------------------
Finished Timing Optimization : Time (s): cpu = 00:00:30 ; elapsed = 00:00:33 . Memory (MB): peak = 761.559 ; gain = 500.871
---------------------------------------------------------------------------------

Report RTL Partitions: 
+-+--------------+------------+----------+
| |RTL Partition |Replication |Instances |
+-+--------------+------------+----------+
+-+--------------+------------+----------+
---------------------------------------------------------------------------------
Start Technology Mapping
---------------------------------------------------------------------------------
---------------------------------------------------------------------------------
Finished Technology Mapping : Time (s): cpu = 00:00:30 ; elapsed = 00:00:33 . Memory (MB): peak = 781.184 ; gain = 520.496
---------------------------------------------------------------------------------

Report RTL Partitions: 
+-+--------------+------------+----------+
| |RTL Partition |Replication |Instances |
+-+--------------+------------+----------+
+-+--------------+------------+----------+
---------------------------------------------------------------------------------
Start IO Insertion
---------------------------------------------------------------------------------
---------------------------------------------------------------------------------
Start Flattening Before IO Insertion
---------------------------------------------------------------------------------
---------------------------------------------------------------------------------
Finished Flattening Before IO Insertion
---------------------------------------------------------------------------------
---------------------------------------------------------------------------------
Start Final Netlist Cleanup
---------------------------------------------------------------------------------
---------------------------------------------------------------------------------
Finished Final Netlist Cleanup
---------------------------------------------------------------------------------
---------------------------------------------------------------------------------
Finished IO Insertion : Time (s): cpu = 00:00:31 ; elapsed = 00:00:34 . Memory (MB): peak = 781.184 ; gain = 520.496
---------------------------------------------------------------------------------

Report Check Netlist: 
+------+------------------+-------+---------+-------+------------------+
|      |Item              |Errors |Warnings |Status |Description       |
+------+------------------+-------+---------+-------+------------------+
|1     |multi_driven_nets |      0|        0|Passed |Multi driven nets |
+------+------------------+-------+---------+-------+------------------+
---------------------------------------------------------------------------------
Start Renaming Generated Instances
---------------------------------------------------------------------------------
---------------------------------------------------------------------------------
Finished Renaming Generated Instances : Time (s): cpu = 00:00:31 ; elapsed = 00:00:34 . Memory (MB): peak = 781.184 ; gain = 520.496
---------------------------------------------------------------------------------

Report RTL Partitions: 
+-+--------------+------------+----------+
| |RTL Partition |Replication |Instances |
+-+--------------+------------+----------+
+-+--------------+------------+----------+
---------------------------------------------------------------------------------
Start Rebuilding User Hierarchy
---------------------------------------------------------------------------------
---------------------------------------------------------------------------------
Finished Rebuilding User Hierarchy : Time (s): cpu = 00:00:31 ; elapsed = 00:00:34 . Memory (MB): peak = 781.184 ; gain = 520.496
---------------------------------------------------------------------------------
---------------------------------------------------------------------------------
Start Renaming Generated Ports
---------------------------------------------------------------------------------
---------------------------------------------------------------------------------
Finished Renaming Generated Ports : Time (s): cpu = 00:00:31 ; elapsed = 00:00:34 . Memory (MB): peak = 781.184 ; gain = 520.496
---------------------------------------------------------------------------------
---------------------------------------------------------------------------------
Start Handling Custom Attributes
---------------------------------------------------------------------------------
---------------------------------------------------------------------------------
Finished Handling Custom Attributes : Time (s): cpu = 00:00:31 ; elapsed = 00:00:34 . Memory (MB): peak = 781.184 ; gain = 520.496
---------------------------------------------------------------------------------
---------------------------------------------------------------------------------
Start Renaming Generated Nets
---------------------------------------------------------------------------------
---------------------------------------------------------------------------------
Finished Renaming Generated Nets : Time (s): cpu = 00:00:31 ; elapsed = 00:00:34 . Memory (MB): peak = 781.184 ; gain = 520.496
---------------------------------------------------------------------------------
---------------------------------------------------------------------------------
Start Writing Synthesis Report
---------------------------------------------------------------------------------

Report BlackBoxes: 
+-+--------------+----------+
| |BlackBox name |Instances |
+-+--------------+----------+
+-+--------------+----------+

Report Cell Usage: 
+------+-----+------+
|      |Cell |Count |
+------+-----+------+
|1     |LUT2 |     1|
|2     |LUT4 |     3|
|3     |LUT5 |     1|
|4     |FDRE |     4|
+------+-----+------+

Report Instance Areas: 
+------+----------------------------------+-------------------------+------+
|      |Instance                          |Module                   |Cells |
+------+----------------------------------+-------------------------+------+
|1     |top                               |                         |     9|
|2     |  inst                            |axi_i2s_transmitter      |     9|
|3     |    audio_transmitter_S_AXIS_inst |audio_transmitter_S_AXIS |     9|
+------+----------------------------------+-------------------------+------+
---------------------------------------------------------------------------------
Finished Writing Synthesis Report : Time (s): cpu = 00:00:31 ; elapsed = 00:00:34 . Memory (MB): peak = 781.184 ; gain = 520.496
---------------------------------------------------------------------------------
Synthesis finished with 0 errors, 0 critical warnings and 4 warnings.
Synthesis Optimization Runtime : Time (s): cpu = 00:00:18 ; elapsed = 00:00:27 . Memory (MB): peak = 781.184 ; gain = 168.262
Synthesis Optimization Complete : Time (s): cpu = 00:00:31 ; elapsed = 00:00:34 . Memory (MB): peak = 781.184 ; gain = 520.496
INFO: [Project 1-571] Translating synthesized netlist
INFO: [Project 1-570] Preparing netlist for logic optimization
INFO: [Opt 31-138] Pushed 0 inverter(s) to 0 load pin(s).
INFO: [Project 1-111] Unisim Transformation Summary:
No Unisim elements were transformed.

INFO: [Common 17-83] Releasing license: Synthesis
123 Infos, 13 Warnings, 0 Critical Warnings and 0 Errors encountered.
synth_design completed successfully
synth_design: Time (s): cpu = 00:00:33 ; elapsed = 00:00:36 . Memory (MB): peak = 783.293 ; gain = 534.262
INFO: [Common 17-1381] The checkpoint 'C:/Zynq_Book/EQ_27_band/EQ_27_band.runs/EQ_27_band_axi_i2s_transmitter_0_0_synth_1/EQ_27_band_axi_i2s_transmitter_0_0.dcp' has been generated.
